[debug] [2025-09-22T12:29:11.739Z] ----------------------------------------------------------------------
[debug] [2025-09-22T12:29:11.743Z] Command:       C:\Program Files\nodejs\node.exe C:\Users\t460s\AppData\Roaming\npm\node_modules\firebase-tools\lib\bin\firebase.js emulators:start --only functions
[debug] [2025-09-22T12:29:11.743Z] CLI Version:   14.17.0
[debug] [2025-09-22T12:29:11.744Z] Platform:      win32
[debug] [2025-09-22T12:29:11.744Z] Node Version:  v22.19.0
[debug] [2025-09-22T12:29:11.745Z] Time:          Mon Sep 22 2025 14:29:11 GMT+0200 (Ora legale dell’Europa centrale)
[debug] [2025-09-22T12:29:11.745Z] ----------------------------------------------------------------------
[debug] 
[debug] [2025-09-22T12:29:12.177Z] > command requires scopes: ["email","openid","https://www.googleapis.com/auth/cloudplatformprojects.readonly","https://www.googleapis.com/auth/firebase","https://www.googleapis.com/auth/cloud-platform"]
[debug] [2025-09-22T12:29:12.178Z] > authorizing via signed-in user (leoncino65domenico@gmail.com)
[info] i  emulators: Starting emulators: functions {"metadata":{"emulator":{"name":"hub"},"message":"Starting emulators: functions"}}
[debug] [2025-09-22T12:29:12.195Z] [logging] Logging Emulator only supports listening on one address (127.0.0.1). Not listening on ::1
[debug] [2025-09-22T12:29:12.195Z] assigned listening specs for emulators {"user":{"hub":[{"address":"127.0.0.1","family":"IPv4","port":4400},{"address":"::1","family":"IPv6","port":4400}],"ui":[{"address":"127.0.0.1","family":"IPv4","port":4000},{"address":"::1","family":"IPv6","port":4000}],"logging":[{"address":"127.0.0.1","family":"IPv4","port":4500}]},"metadata":{"message":"assigned listening specs for emulators"}}
[debug] [2025-09-22T12:29:12.202Z] Emulator locator file path: C:\Users\t460s\AppData\Local\Temp\hub-marcatempo-tcs.json
[debug] [2025-09-22T12:29:12.202Z] [hub] writing locator at C:\Users\t460s\AppData\Local\Temp\hub-marcatempo-tcs.json
[debug] [2025-09-22T12:29:12.242Z] [functions] Functions Emulator only supports listening on one address (127.0.0.1). Not listening on ::1
[debug] [2025-09-22T12:29:12.243Z] [eventarc] Eventarc Emulator only supports listening on one address (127.0.0.1). Not listening on ::1
[debug] [2025-09-22T12:29:12.243Z] [tasks] Cloud Tasks Emulator only supports listening on one address (127.0.0.1). Not listening on ::1
[debug] [2025-09-22T12:29:12.243Z] late-assigned ports for functions and eventarc emulators {"user":{"hub":[{"address":"127.0.0.1","family":"IPv4","port":4400},{"address":"::1","family":"IPv6","port":4400}],"ui":[{"address":"127.0.0.1","family":"IPv4","port":4000},{"address":"::1","family":"IPv6","port":4000}],"logging":[{"address":"127.0.0.1","family":"IPv4","port":4500}],"functions":[{"address":"127.0.0.1","family":"IPv4","port":5001}],"eventarc":[{"address":"127.0.0.1","family":"IPv4","port":9299}],"tasks":[{"address":"127.0.0.1","family":"IPv4","port":9499}]},"metadata":{"message":"late-assigned ports for functions and eventarc emulators"}}
[warn] !  functions: The following emulators are not running, calls to these services from the Functions emulator will affect production: apphosting, auth, firestore, database, hosting, pubsub, storage, dataconnect {"metadata":{"emulator":{"name":"functions"},"message":"The following emulators are not running, calls to these services from the Functions emulator will affect production: \u001b[1mapphosting, auth, firestore, database, hosting, pubsub, storage, dataconnect\u001b[22m"}}
[debug] [2025-09-22T12:29:12.284Z] defaultcredentials: writing to file C:\Users\t460s\AppData\Roaming\firebase\leoncino65domenico_gmail_com_application_default_credentials.json
[debug] [2025-09-22T12:29:12.287Z] Setting GAC to C:\Users\t460s\AppData\Roaming\firebase\leoncino65domenico_gmail_com_application_default_credentials.json {"metadata":{"emulator":{"name":"functions"},"message":"Setting GAC to C:\\Users\\t460s\\AppData\\Roaming\\firebase\\leoncino65domenico_gmail_com_application_default_credentials.json"}}
[debug] [2025-09-22T12:29:12.289Z] Checked if tokens are valid: false, expires at: 1758540774286
[debug] [2025-09-22T12:29:12.289Z] Checked if tokens are valid: false, expires at: 1758540774286
[debug] [2025-09-22T12:29:12.289Z] > refreshing access token with scopes: []
[debug] [2025-09-22T12:29:12.291Z] >>> [apiv2][query] POST https://www.googleapis.com/oauth2/v3/token [none]
[debug] [2025-09-22T12:29:12.292Z] >>> [apiv2][body] POST https://www.googleapis.com/oauth2/v3/token [omitted]
[debug] [2025-09-22T12:29:12.516Z] <<< [apiv2][status] POST https://www.googleapis.com/oauth2/v3/token 200
[debug] [2025-09-22T12:29:12.516Z] <<< [apiv2][body] POST https://www.googleapis.com/oauth2/v3/token [omitted]
[debug] [2025-09-22T12:29:12.537Z] >>> [apiv2][query] GET https://firebase.googleapis.com/v1beta1/projects/marcatempo-tcs/adminSdkConfig [none]
[debug] [2025-09-22T12:29:12.891Z] <<< [apiv2][status] GET https://firebase.googleapis.com/v1beta1/projects/marcatempo-tcs/adminSdkConfig 200
[debug] [2025-09-22T12:29:12.892Z] <<< [apiv2][body] GET https://firebase.googleapis.com/v1beta1/projects/marcatempo-tcs/adminSdkConfig {"projectId":"marcatempo-tcs","storageBucket":"marcatempo-tcs.firebasestorage.app"}
[info] i  ui: downloading ui-v1.15.0.zip... {"metadata":{"emulator":{"name":"ui"},"message":"downloading ui-v1.15.0.zip..."}}
[debug] [2025-09-22T12:29:12.951Z] >>> [apiv2][query] GET https://storage.googleapis.com/firebase-preview-drop/emulator/ui-v1.15.0.zip 
[debug] [2025-09-22T12:29:13.074Z] <<< [apiv2][status] GET https://storage.googleapis.com/firebase-preview-drop/emulator/ui-v1.15.0.zip 200
[debug] [2025-09-22T12:29:13.074Z] <<< [apiv2][body] GET https://storage.googleapis.com/firebase-preview-drop/emulator/ui-v1.15.0.zip [stream]
[debug] [2025-09-22T12:29:13.894Z] Data is 3538469
[debug] [2025-09-22T12:29:13.895Z] [unzip] Entry: client/ (compressed_size=0 bytes, uncompressed_size=0 bytes)
[debug] [2025-09-22T12:29:13.895Z] [unzip] Processing entry: client\
[debug] [2025-09-22T12:29:13.895Z] [unzip] mkdir: C:\Users\t460s\.cache\firebase\emulators\ui-v1.15.0\client\
[debug] [2025-09-22T12:29:13.896Z] [unzip] Entry: client/favicon-16x16.png (compressed_size=293 bytes, uncompressed_size=293 bytes)
[debug] [2025-09-22T12:29:13.896Z] [unzip] Processing entry: client\favicon-16x16.png
[debug] [2025-09-22T12:29:13.896Z] [unzip] else mkdir: C:\Users\t460s\.cache\firebase\emulators\ui-v1.15.0\client
[debug] [2025-09-22T12:29:13.896Z] [unzip] Writing file: C:\Users\t460s\.cache\firebase\emulators\ui-v1.15.0\client\favicon-16x16.png
[debug] [2025-09-22T12:29:13.898Z] [unzip] Entry: client/safari-pinned-tab.svg (compressed_size=1433 bytes, uncompressed_size=2611 bytes)
[debug] [2025-09-22T12:29:13.899Z] [unzip] Processing entry: client\safari-pinned-tab.svg
[debug] [2025-09-22T12:29:13.899Z] [unzip] else mkdir: C:\Users\t460s\.cache\firebase\emulators\ui-v1.15.0\client
[debug] [2025-09-22T12:29:13.899Z] [unzip] deflating: C:\Users\t460s\.cache\firebase\emulators\ui-v1.15.0\client\safari-pinned-tab.svg
[debug] [2025-09-22T12:29:13.905Z] [unzip] Entry: client/favicon.ico (compressed_size=2933 bytes, uncompressed_size=13294 bytes)
[debug] [2025-09-22T12:29:13.905Z] [unzip] Processing entry: client\favicon.ico
[debug] [2025-09-22T12:29:13.905Z] [unzip] else mkdir: C:\Users\t460s\.cache\firebase\emulators\ui-v1.15.0\client
[debug] [2025-09-22T12:29:13.905Z] [unzip] deflating: C:\Users\t460s\.cache\firebase\emulators\ui-v1.15.0\client\favicon.ico
[debug] [2025-09-22T12:29:13.908Z] [unzip] Entry: client/index.html (compressed_size=1364 bytes, uncompressed_size=3071 bytes)
[debug] [2025-09-22T12:29:13.908Z] [unzip] Processing entry: client\index.html
[debug] [2025-09-22T12:29:13.908Z] [unzip] else mkdir: C:\Users\t460s\.cache\firebase\emulators\ui-v1.15.0\client
[debug] [2025-09-22T12:29:13.908Z] [unzip] deflating: C:\Users\t460s\.cache\firebase\emulators\ui-v1.15.0\client\index.html
[debug] [2025-09-22T12:29:13.911Z] [unzip] Entry: client/android-chrome-192x192.png (compressed_size=2684 bytes, uncompressed_size=2684 bytes)
[debug] [2025-09-22T12:29:13.912Z] [unzip] Processing entry: client\android-chrome-192x192.png
[debug] [2025-09-22T12:29:13.912Z] [unzip] else mkdir: C:\Users\t460s\.cache\firebase\emulators\ui-v1.15.0\client
[debug] [2025-09-22T12:29:13.912Z] [unzip] Writing file: C:\Users\t460s\.cache\firebase\emulators\ui-v1.15.0\client\android-chrome-192x192.png
[debug] [2025-09-22T12:29:13.914Z] [unzip] Entry: client/apple-touch-icon.png (compressed_size=2123 bytes, uncompressed_size=2152 bytes)
[debug] [2025-09-22T12:29:13.914Z] [unzip] Processing entry: client\apple-touch-icon.png
[debug] [2025-09-22T12:29:13.914Z] [unzip] else mkdir: C:\Users\t460s\.cache\firebase\emulators\ui-v1.15.0\client
[debug] [2025-09-22T12:29:13.914Z] [unzip] deflating: C:\Users\t460s\.cache\firebase\emulators\ui-v1.15.0\client\apple-touch-icon.png
[debug] [2025-09-22T12:29:13.916Z] [unzip] Entry: client/android-chrome-512x512.png (compressed_size=5369 bytes, uncompressed_size=5411 bytes)
[debug] [2025-09-22T12:29:13.916Z] [unzip] Processing entry: client\android-chrome-512x512.png
[debug] [2025-09-22T12:29:13.916Z] [unzip] else mkdir: C:\Users\t460s\.cache\firebase\emulators\ui-v1.15.0\client
[debug] [2025-09-22T12:29:13.917Z] [unzip] deflating: C:\Users\t460s\.cache\firebase\emulators\ui-v1.15.0\client\android-chrome-512x512.png
[debug] [2025-09-22T12:29:13.919Z] [unzip] Entry: client/manifest.json (compressed_size=245 bytes, uncompressed_size=551 bytes)
[debug] [2025-09-22T12:29:13.919Z] [unzip] Processing entry: client\manifest.json
[debug] [2025-09-22T12:29:13.919Z] [unzip] else mkdir: C:\Users\t460s\.cache\firebase\emulators\ui-v1.15.0\client
[debug] [2025-09-22T12:29:13.920Z] [unzip] deflating: C:\Users\t460s\.cache\firebase\emulators\ui-v1.15.0\client\manifest.json
[debug] [2025-09-22T12:29:13.922Z] [unzip] Entry: client/robots.txt (compressed_size=26 bytes, uncompressed_size=26 bytes)
[debug] [2025-09-22T12:29:13.922Z] [unzip] Processing entry: client\robots.txt
[debug] [2025-09-22T12:29:13.922Z] [unzip] else mkdir: C:\Users\t460s\.cache\firebase\emulators\ui-v1.15.0\client
[debug] [2025-09-22T12:29:13.923Z] [unzip] Writing file: C:\Users\t460s\.cache\firebase\emulators\ui-v1.15.0\client\robots.txt
[debug] [2025-09-22T12:29:13.924Z] [unzip] Entry: client/mstile-150x150.png (compressed_size=2034 bytes, uncompressed_size=2034 bytes)
[debug] [2025-09-22T12:29:13.924Z] [unzip] Processing entry: client\mstile-150x150.png
[debug] [2025-09-22T12:29:13.924Z] [unzip] else mkdir: C:\Users\t460s\.cache\firebase\emulators\ui-v1.15.0\client
[debug] [2025-09-22T12:29:13.925Z] [unzip] Writing file: C:\Users\t460s\.cache\firebase\emulators\ui-v1.15.0\client\mstile-150x150.png
[debug] [2025-09-22T12:29:13.926Z] [unzip] Entry: client/assets/ (compressed_size=0 bytes, uncompressed_size=0 bytes)
[debug] [2025-09-22T12:29:13.927Z] [unzip] Processing entry: client\assets\
[debug] [2025-09-22T12:29:13.927Z] [unzip] mkdir: C:\Users\t460s\.cache\firebase\emulators\ui-v1.15.0\client\assets\
[debug] [2025-09-22T12:29:13.928Z] [unzip] Entry: client/assets/index-BX-A56oj.js (compressed_size=582089 bytes, uncompressed_size=2092775 bytes)
[debug] [2025-09-22T12:29:13.928Z] [unzip] Processing entry: client\assets\index-BX-A56oj.js
[debug] [2025-09-22T12:29:13.928Z] [unzip] else mkdir: C:\Users\t460s\.cache\firebase\emulators\ui-v1.15.0\client\assets
[debug] [2025-09-22T12:29:13.928Z] [unzip] deflating: C:\Users\t460s\.cache\firebase\emulators\ui-v1.15.0\client\assets\index-BX-A56oj.js
[debug] [2025-09-22T12:29:13.962Z] [unzip] Entry: client/assets/index-CjB9C900.css (compressed_size=35979 bytes, uncompressed_size=298654 bytes)
[debug] [2025-09-22T12:29:13.962Z] [unzip] Processing entry: client\assets\index-CjB9C900.css
[debug] [2025-09-22T12:29:13.962Z] [unzip] else mkdir: C:\Users\t460s\.cache\firebase\emulators\ui-v1.15.0\client\assets
[debug] [2025-09-22T12:29:13.962Z] [unzip] deflating: C:\Users\t460s\.cache\firebase\emulators\ui-v1.15.0\client\assets\index-CjB9C900.css
[debug] [2025-09-22T12:29:13.967Z] [unzip] Entry: client/assets/index-BX-A56oj.js.map (compressed_size=2362482 bytes, uncompressed_size=10036679 bytes)
[debug] [2025-09-22T12:29:13.967Z] [unzip] Processing entry: client\assets\index-BX-A56oj.js.map
[debug] [2025-09-22T12:29:13.967Z] [unzip] else mkdir: C:\Users\t460s\.cache\firebase\emulators\ui-v1.15.0\client\assets
[debug] [2025-09-22T12:29:13.967Z] [unzip] deflating: C:\Users\t460s\.cache\firebase\emulators\ui-v1.15.0\client\assets\index-BX-A56oj.js.map
[debug] [2025-09-22T12:29:14.062Z] [unzip] Entry: client/assets/extensions/ (compressed_size=0 bytes, uncompressed_size=0 bytes)
[debug] [2025-09-22T12:29:14.062Z] [unzip] Processing entry: client\assets\extensions\
[debug] [2025-09-22T12:29:14.062Z] [unzip] mkdir: C:\Users\t460s\.cache\firebase\emulators\ui-v1.15.0\client\assets\extensions\
[debug] [2025-09-22T12:29:14.062Z] [unzip] Entry: client/assets/extensions/default-extension.png (compressed_size=1646 bytes, uncompressed_size=1657 bytes)
[debug] [2025-09-22T12:29:14.063Z] [unzip] Processing entry: client\assets\extensions\default-extension.png
[debug] [2025-09-22T12:29:14.063Z] [unzip] else mkdir: C:\Users\t460s\.cache\firebase\emulators\ui-v1.15.0\client\assets\extensions
[debug] [2025-09-22T12:29:14.063Z] [unzip] deflating: C:\Users\t460s\.cache\firebase\emulators\ui-v1.15.0\client\assets\extensions\default-extension.png
[debug] [2025-09-22T12:29:14.065Z] [unzip] Entry: client/assets/img/ (compressed_size=0 bytes, uncompressed_size=0 bytes)
[debug] [2025-09-22T12:29:14.065Z] [unzip] Processing entry: client\assets\img\
[debug] [2025-09-22T12:29:14.065Z] [unzip] mkdir: C:\Users\t460s\.cache\firebase\emulators\ui-v1.15.0\client\assets\img\
[debug] [2025-09-22T12:29:14.066Z] [unzip] Entry: client/assets/img/database.png (compressed_size=29449 bytes, uncompressed_size=29988 bytes)
[debug] [2025-09-22T12:29:14.066Z] [unzip] Processing entry: client\assets\img\database.png
[debug] [2025-09-22T12:29:14.066Z] [unzip] else mkdir: C:\Users\t460s\.cache\firebase\emulators\ui-v1.15.0\client\assets\img
[debug] [2025-09-22T12:29:14.066Z] [unzip] deflating: C:\Users\t460s\.cache\firebase\emulators\ui-v1.15.0\client\assets\img\database.png
[debug] [2025-09-22T12:29:14.068Z] [unzip] Entry: client/assets/provider-icons/ (compressed_size=0 bytes, uncompressed_size=0 bytes)
[debug] [2025-09-22T12:29:14.069Z] [unzip] Processing entry: client\assets\provider-icons\
[debug] [2025-09-22T12:29:14.069Z] [unzip] mkdir: C:\Users\t460s\.cache\firebase\emulators\ui-v1.15.0\client\assets\provider-icons\
[debug] [2025-09-22T12:29:14.069Z] [unzip] Entry: client/assets/provider-icons/auth_service_saml.svg (compressed_size=575 bytes, uncompressed_size=1226 bytes)
[debug] [2025-09-22T12:29:14.069Z] [unzip] Processing entry: client\assets\provider-icons\auth_service_saml.svg
[debug] [2025-09-22T12:29:14.069Z] [unzip] else mkdir: C:\Users\t460s\.cache\firebase\emulators\ui-v1.15.0\client\assets\provider-icons
[debug] [2025-09-22T12:29:14.070Z] [unzip] deflating: C:\Users\t460s\.cache\firebase\emulators\ui-v1.15.0\client\assets\provider-icons\auth_service_saml.svg
[debug] [2025-09-22T12:29:14.073Z] [unzip] Entry: client/assets/provider-icons/auth_service_phone.svg (compressed_size=261 bytes, uncompressed_size=414 bytes)
[debug] [2025-09-22T12:29:14.073Z] [unzip] Processing entry: client\assets\provider-icons\auth_service_phone.svg
[debug] [2025-09-22T12:29:14.073Z] [unzip] else mkdir: C:\Users\t460s\.cache\firebase\emulators\ui-v1.15.0\client\assets\provider-icons
[debug] [2025-09-22T12:29:14.074Z] [unzip] deflating: C:\Users\t460s\.cache\firebase\emulators\ui-v1.15.0\client\assets\provider-icons\auth_service_phone.svg
[debug] [2025-09-22T12:29:14.076Z] [unzip] Entry: client/assets/provider-icons/auth_service_facebook.svg (compressed_size=289 bytes, uncompressed_size=457 bytes)
[debug] [2025-09-22T12:29:14.076Z] [unzip] Processing entry: client\assets\provider-icons\auth_service_facebook.svg
[debug] [2025-09-22T12:29:14.077Z] [unzip] else mkdir: C:\Users\t460s\.cache\firebase\emulators\ui-v1.15.0\client\assets\provider-icons
[debug] [2025-09-22T12:29:14.077Z] [unzip] deflating: C:\Users\t460s\.cache\firebase\emulators\ui-v1.15.0\client\assets\provider-icons\auth_service_facebook.svg
[debug] [2025-09-22T12:29:14.080Z] [unzip] Entry: client/assets/provider-icons/auth_service_game_center.svg (compressed_size=991 bytes, uncompressed_size=3921 bytes)
[debug] [2025-09-22T12:29:14.080Z] [unzip] Processing entry: client\assets\provider-icons\auth_service_game_center.svg
[debug] [2025-09-22T12:29:14.080Z] [unzip] else mkdir: C:\Users\t460s\.cache\firebase\emulators\ui-v1.15.0\client\assets\provider-icons
[debug] [2025-09-22T12:29:14.080Z] [unzip] deflating: C:\Users\t460s\.cache\firebase\emulators\ui-v1.15.0\client\assets\provider-icons\auth_service_game_center.svg
[debug] [2025-09-22T12:29:14.082Z] [unzip] Entry: client/assets/provider-icons/auth_service_apple.svg (compressed_size=230 bytes, uncompressed_size=334 bytes)
[debug] [2025-09-22T12:29:14.082Z] [unzip] Processing entry: client\assets\provider-icons\auth_service_apple.svg
[debug] [2025-09-22T12:29:14.083Z] [unzip] else mkdir: C:\Users\t460s\.cache\firebase\emulators\ui-v1.15.0\client\assets\provider-icons
[debug] [2025-09-22T12:29:14.083Z] [unzip] deflating: C:\Users\t460s\.cache\firebase\emulators\ui-v1.15.0\client\assets\provider-icons\auth_service_apple.svg
[debug] [2025-09-22T12:29:14.085Z] [unzip] Entry: client/assets/provider-icons/auth_service_github.svg (compressed_size=466 bytes, uncompressed_size=838 bytes)
[debug] [2025-09-22T12:29:14.085Z] [unzip] Processing entry: client\assets\provider-icons\auth_service_github.svg
[debug] [2025-09-22T12:29:14.085Z] [unzip] else mkdir: C:\Users\t460s\.cache\firebase\emulators\ui-v1.15.0\client\assets\provider-icons
[debug] [2025-09-22T12:29:14.086Z] [unzip] deflating: C:\Users\t460s\.cache\firebase\emulators\ui-v1.15.0\client\assets\provider-icons\auth_service_github.svg
[debug] [2025-09-22T12:29:14.088Z] [unzip] Entry: client/assets/provider-icons/auth_service_mslive.svg (compressed_size=203 bytes, uncompressed_size=378 bytes)
[debug] [2025-09-22T12:29:14.088Z] [unzip] Processing entry: client\assets\provider-icons\auth_service_mslive.svg
[debug] [2025-09-22T12:29:14.088Z] [unzip] else mkdir: C:\Users\t460s\.cache\firebase\emulators\ui-v1.15.0\client\assets\provider-icons
[debug] [2025-09-22T12:29:14.088Z] [unzip] deflating: C:\Users\t460s\.cache\firebase\emulators\ui-v1.15.0\client\assets\provider-icons\auth_service_mslive.svg
[debug] [2025-09-22T12:29:14.092Z] [unzip] Entry: client/assets/provider-icons/auth_service_yahoo.svg (compressed_size=577 bytes, uncompressed_size=1182 bytes)
[debug] [2025-09-22T12:29:14.092Z] [unzip] Processing entry: client\assets\provider-icons\auth_service_yahoo.svg
[debug] [2025-09-22T12:29:14.092Z] [unzip] else mkdir: C:\Users\t460s\.cache\firebase\emulators\ui-v1.15.0\client\assets\provider-icons
[debug] [2025-09-22T12:29:14.094Z] [unzip] deflating: C:\Users\t460s\.cache\firebase\emulators\ui-v1.15.0\client\assets\provider-icons\auth_service_yahoo.svg
[debug] [2025-09-22T12:29:14.096Z] [unzip] Entry: client/assets/provider-icons/auth_service_twitter.svg (compressed_size=444 bytes, uncompressed_size=751 bytes)
[debug] [2025-09-22T12:29:14.097Z] [unzip] Processing entry: client\assets\provider-icons\auth_service_twitter.svg
[debug] [2025-09-22T12:29:14.097Z] [unzip] else mkdir: C:\Users\t460s\.cache\firebase\emulators\ui-v1.15.0\client\assets\provider-icons
[debug] [2025-09-22T12:29:14.097Z] [unzip] deflating: C:\Users\t460s\.cache\firebase\emulators\ui-v1.15.0\client\assets\provider-icons\auth_service_twitter.svg
[debug] [2025-09-22T12:29:14.099Z] [unzip] Entry: client/assets/provider-icons/auth_service_play_games.svg (compressed_size=565 bytes, uncompressed_size=1173 bytes)
[debug] [2025-09-22T12:29:14.099Z] [unzip] Processing entry: client\assets\provider-icons\auth_service_play_games.svg
[debug] [2025-09-22T12:29:14.099Z] [unzip] else mkdir: C:\Users\t460s\.cache\firebase\emulators\ui-v1.15.0\client\assets\provider-icons
[debug] [2025-09-22T12:29:14.100Z] [unzip] deflating: C:\Users\t460s\.cache\firebase\emulators\ui-v1.15.0\client\assets\provider-icons\auth_service_play_games.svg
[debug] [2025-09-22T12:29:14.102Z] [unzip] Entry: client/assets/provider-icons/auth_service_email.svg (compressed_size=228 bytes, uncompressed_size=326 bytes)
[debug] [2025-09-22T12:29:14.102Z] [unzip] Processing entry: client\assets\provider-icons\auth_service_email.svg
[debug] [2025-09-22T12:29:14.102Z] [unzip] else mkdir: C:\Users\t460s\.cache\firebase\emulators\ui-v1.15.0\client\assets\provider-icons
[debug] [2025-09-22T12:29:14.103Z] [unzip] deflating: C:\Users\t460s\.cache\firebase\emulators\ui-v1.15.0\client\assets\provider-icons\auth_service_email.svg
[debug] [2025-09-22T12:29:14.105Z] [unzip] Entry: client/assets/provider-icons/auth_service_google.svg (compressed_size=409 bytes, uncompressed_size=720 bytes)
[debug] [2025-09-22T12:29:14.105Z] [unzip] Processing entry: client\assets\provider-icons\auth_service_google.svg
[debug] [2025-09-22T12:29:14.105Z] [unzip] else mkdir: C:\Users\t460s\.cache\firebase\emulators\ui-v1.15.0\client\assets\provider-icons
[debug] [2025-09-22T12:29:14.105Z] [unzip] deflating: C:\Users\t460s\.cache\firebase\emulators\ui-v1.15.0\client\assets\provider-icons\auth_service_google.svg
[debug] [2025-09-22T12:29:14.107Z] [unzip] Entry: client/assets/provider-icons/auth_service_oidc.svg (compressed_size=414 bytes, uncompressed_size=858 bytes)
[debug] [2025-09-22T12:29:14.108Z] [unzip] Processing entry: client\assets\provider-icons\auth_service_oidc.svg
[debug] [2025-09-22T12:29:14.108Z] [unzip] else mkdir: C:\Users\t460s\.cache\firebase\emulators\ui-v1.15.0\client\assets\provider-icons
[debug] [2025-09-22T12:29:14.108Z] [unzip] deflating: C:\Users\t460s\.cache\firebase\emulators\ui-v1.15.0\client\assets\provider-icons\auth_service_oidc.svg
[debug] [2025-09-22T12:29:14.110Z] [unzip] Entry: client/browserconfig.xml (compressed_size=491 bytes, uncompressed_size=822 bytes)
[debug] [2025-09-22T12:29:14.111Z] [unzip] Processing entry: client\browserconfig.xml
[debug] [2025-09-22T12:29:14.111Z] [unzip] else mkdir: C:\Users\t460s\.cache\firebase\emulators\ui-v1.15.0\client
[debug] [2025-09-22T12:29:14.111Z] [unzip] deflating: C:\Users\t460s\.cache\firebase\emulators\ui-v1.15.0\client\browserconfig.xml
[debug] [2025-09-22T12:29:14.115Z] [unzip] Entry: client/favicon-32x32.png (compressed_size=475 bytes, uncompressed_size=475 bytes)
[debug] [2025-09-22T12:29:14.116Z] [unzip] Processing entry: client\favicon-32x32.png
[debug] [2025-09-22T12:29:14.116Z] [unzip] else mkdir: C:\Users\t460s\.cache\firebase\emulators\ui-v1.15.0\client
[debug] [2025-09-22T12:29:14.116Z] [unzip] Writing file: C:\Users\t460s\.cache\firebase\emulators\ui-v1.15.0\client\favicon-32x32.png
[debug] [2025-09-22T12:29:14.117Z] [unzip] Entry: server/ (compressed_size=0 bytes, uncompressed_size=0 bytes)
[debug] [2025-09-22T12:29:14.118Z] [unzip] Processing entry: server\
[debug] [2025-09-22T12:29:14.118Z] [unzip] mkdir: C:\Users\t460s\.cache\firebase\emulators\ui-v1.15.0\server\
[debug] [2025-09-22T12:29:14.118Z] [unzip] Entry: server/server.mjs.map (compressed_size=217845 bytes, uncompressed_size=944978 bytes)
[debug] [2025-09-22T12:29:14.118Z] [unzip] Processing entry: server\server.mjs.map
[debug] [2025-09-22T12:29:14.118Z] [unzip] else mkdir: C:\Users\t460s\.cache\firebase\emulators\ui-v1.15.0\server
[debug] [2025-09-22T12:29:14.119Z] [unzip] deflating: C:\Users\t460s\.cache\firebase\emulators\ui-v1.15.0\server\server.mjs.map
[debug] [2025-09-22T12:29:14.130Z] [unzip] Entry: server/server.mjs (compressed_size=276407 bytes, uncompressed_size=933701 bytes)
[debug] [2025-09-22T12:29:14.130Z] [unzip] Processing entry: server\server.mjs
[debug] [2025-09-22T12:29:14.130Z] [unzip] else mkdir: C:\Users\t460s\.cache\firebase\emulators\ui-v1.15.0\server
[debug] [2025-09-22T12:29:14.130Z] [unzip] deflating: C:\Users\t460s\.cache\firebase\emulators\ui-v1.15.0\server\server.mjs
[info] i  functions: Watching "C:\sviluppo\marcatempotcs\functions" for Cloud Functions... {"metadata":{"emulator":{"name":"functions"},"message":"Watching \"C:\\sviluppo\\marcatempotcs\\functions\" for Cloud Functions..."}}
[debug] [2025-09-22T12:29:14.157Z] Validating nodejs source
[warn] !  functions: package.json indicates an outdated version of firebase-functions. Please upgrade using npm install --save firebase-functions@latest in your functions directory. 
[warn] !  functions: Please note that there will be breaking changes when you upgrade. 
[debug] [2025-09-22T12:29:16.217Z] > [functions] package.json contents: {
  "name": "functions",
  "description": "Cloud Functions for Firebase",
  "scripts": {
    "lint": "eslint .",
    "serve": "firebase emulators:start --only functions",
    "shell": "firebase functions:shell",
    "start": "npm run shell",
    "deploy": "firebase deploy --only functions",
    "logs": "firebase functions:log"
  },
  "engines": {
    "node": "20"
  },
  "main": "index.js",
  "dependencies": {
    "firebase-admin": "^12.6.0",
    "firebase-functions": "^5.0.1"
  },
  "devDependencies": {
    "eslint": "^8.15.0",
    "eslint-config-google": "^0.14.0",
    "firebase-functions-test": "^3.1.0"
  },
  "private": true
}
[debug] [2025-09-22T12:29:16.217Z] Building nodejs source
[debug] [2025-09-22T12:29:16.217Z] Failed to find version of module node: reached end of search path C:\sviluppo\marcatempotcs\functions\node_modules
[warn] !  functions: Your requested "node" version "20" doesn't match your global version "22". Using node@22 from host. 
[debug] [2025-09-22T12:29:16.221Z] Could not find functions.yaml. Must use http discovery
[debug] [2025-09-22T12:29:16.231Z] Found firebase-functions binary at 'C:\sviluppo\marcatempotcs\functions\node_modules\.bin\firebase-functions'
[info] Serving at port 8100

