[debug] [2025-09-21T15:56:48.556Z] ----------------------------------------------------------------------
[debug] [2025-09-21T15:56:48.570Z] Command:       C:\Program Files\nodejs\node.exe C:\Users\t460s\AppData\Roaming\npm\node_modules\firebase-tools\lib\bin\firebase.js deploy --only functions
[debug] [2025-09-21T15:56:48.571Z] CLI Version:   14.17.0
[debug] [2025-09-21T15:56:48.571Z] Platform:      win32
[debug] [2025-09-21T15:56:48.571Z] Node Version:  v22.19.0
[debug] [2025-09-21T15:56:48.572Z] Time:          Sun Sep 21 2025 17:56:48 GMT+0200 (Ora legale dell’Europa centrale)
[debug] [2025-09-21T15:56:48.572Z] ----------------------------------------------------------------------
[debug] 
[debug] [2025-09-21T15:56:48.576Z] >>> [apiv2][query] GET https://firebase-public.firebaseio.com/cli.json [none]
[debug] [2025-09-21T15:56:49.054Z] > command requires scopes: ["email","openid","https://www.googleapis.com/auth/cloudplatformprojects.readonly","https://www.googleapis.com/auth/firebase","https://www.googleapis.com/auth/cloud-platform"]
[debug] [2025-09-21T15:56:49.055Z] > authorizing via signed-in user (leoncino65domenico@gmail.com)
[debug] [2025-09-21T15:56:49.055Z] [iam] checking project marcatempo-tcs for permissions ["cloudfunctions.functions.create","cloudfunctions.functions.delete","cloudfunctions.functions.get","cloudfunctions.functions.list","cloudfunctions.functions.update","cloudfunctions.operations.get","firebase.projects.get"]
[debug] [2025-09-21T15:56:49.056Z] Checked if tokens are valid: false, expires at: 1758213987679
[debug] [2025-09-21T15:56:49.056Z] Checked if tokens are valid: false, expires at: 1758213987679
[debug] [2025-09-21T15:56:49.056Z] > refreshing access token with scopes: []
[debug] [2025-09-21T15:56:49.058Z] >>> [apiv2][query] POST https://www.googleapis.com/oauth2/v3/token [none]
[debug] [2025-09-21T15:56:49.058Z] >>> [apiv2][body] POST https://www.googleapis.com/oauth2/v3/token [omitted]
[debug] [2025-09-21T15:56:49.393Z] <<< [apiv2][status] POST https://www.googleapis.com/oauth2/v3/token 200
[debug] [2025-09-21T15:56:49.393Z] <<< [apiv2][body] POST https://www.googleapis.com/oauth2/v3/token [omitted]
[debug] [2025-09-21T15:56:49.412Z] >>> [apiv2][query] POST https://cloudresourcemanager.googleapis.com/v1/projects/marcatempo-tcs:testIamPermissions [none]
[debug] [2025-09-21T15:56:49.412Z] >>> [apiv2][(partial)header] POST https://cloudresourcemanager.googleapis.com/v1/projects/marcatempo-tcs:testIamPermissions x-goog-quota-user=projects/marcatempo-tcs
[debug] [2025-09-21T15:56:49.412Z] >>> [apiv2][body] POST https://cloudresourcemanager.googleapis.com/v1/projects/marcatempo-tcs:testIamPermissions {"permissions":["cloudfunctions.functions.create","cloudfunctions.functions.delete","cloudfunctions.functions.get","cloudfunctions.functions.list","cloudfunctions.functions.update","cloudfunctions.operations.get","firebase.projects.get"]}
[debug] [2025-09-21T15:56:49.487Z] <<< [apiv2][status] GET https://firebase-public.firebaseio.com/cli.json 200
[debug] [2025-09-21T15:56:49.488Z] <<< [apiv2][body] GET https://firebase-public.firebaseio.com/cli.json {"cloudBuildErrorAfter":1594252800000,"cloudBuildWarnAfter":1590019200000,"defaultNode10After":1594252800000,"minVersion":"3.0.5","node8DeploysDisabledAfter":1613390400000,"node8RuntimeDisabledAfter":1615809600000,"node8WarnAfter":1600128000000}
[debug] [2025-09-21T15:56:50.433Z] <<< [apiv2][status] POST https://cloudresourcemanager.googleapis.com/v1/projects/marcatempo-tcs:testIamPermissions 200
[debug] [2025-09-21T15:56:50.433Z] <<< [apiv2][body] POST https://cloudresourcemanager.googleapis.com/v1/projects/marcatempo-tcs:testIamPermissions {"permissions":["cloudfunctions.functions.create","cloudfunctions.functions.delete","cloudfunctions.functions.get","cloudfunctions.functions.list","cloudfunctions.functions.update","cloudfunctions.operations.get","firebase.projects.get"]}
[debug] [2025-09-21T15:56:50.435Z] Checked if tokens are valid: true, expires at: 1758473808393
[debug] [2025-09-21T15:56:50.436Z] Checked if tokens are valid: true, expires at: 1758473808393
[debug] [2025-09-21T15:56:50.437Z] >>> [apiv2][query] POST https://iam.googleapis.com/v1/projects/marcatempo-tcs/serviceAccounts/marcatempo-tcs@appspot.gserviceaccount.com:testIamPermissions [none]
[debug] [2025-09-21T15:56:50.437Z] >>> [apiv2][body] POST https://iam.googleapis.com/v1/projects/marcatempo-tcs/serviceAccounts/marcatempo-tcs@appspot.gserviceaccount.com:testIamPermissions {"permissions":["iam.serviceAccounts.actAs"]}
[debug] [2025-09-21T15:56:51.404Z] <<< [apiv2][status] POST https://iam.googleapis.com/v1/projects/marcatempo-tcs/serviceAccounts/marcatempo-tcs@appspot.gserviceaccount.com:testIamPermissions 200
[debug] [2025-09-21T15:56:51.404Z] <<< [apiv2][body] POST https://iam.googleapis.com/v1/projects/marcatempo-tcs/serviceAccounts/marcatempo-tcs@appspot.gserviceaccount.com:testIamPermissions {"permissions":["iam.serviceAccounts.actAs"]}
[info] 
[info] === Deploying to 'marcatempo-tcs'...
[info] 
[info] i  deploying functions 
[debug] [2025-09-21T15:56:51.425Z] Checked if tokens are valid: true, expires at: 1758473808393
[debug] [2025-09-21T15:56:51.425Z] Checked if tokens are valid: true, expires at: 1758473808393
[debug] [2025-09-21T15:56:51.425Z] >>> [apiv2][query] GET https://cloudresourcemanager.googleapis.com/v1/projects/marcatempo-tcs [none]
[debug] [2025-09-21T15:56:51.657Z] <<< [apiv2][status] GET https://cloudresourcemanager.googleapis.com/v1/projects/marcatempo-tcs 200
[debug] [2025-09-21T15:56:51.657Z] <<< [apiv2][body] GET https://cloudresourcemanager.googleapis.com/v1/projects/marcatempo-tcs {"projectNumber":"385748349249","projectId":"marcatempo-tcs","lifecycleState":"ACTIVE","name":"Marcatempo TCS","labels":{"firebase":"enabled","firebase-core":"disabled"},"createTime":"2025-07-31T11:16:32.048801Z"}
[info] i  functions: preparing codebase default for deployment 
[info] i  functions: ensuring required API cloudfunctions.googleapis.com is enabled... 
[info] i  functions: ensuring required API cloudbuild.googleapis.com is enabled... 
[info] i  artifactregistry: ensuring required API artifactregistry.googleapis.com is enabled... 
[debug] [2025-09-21T15:56:51.672Z] Checked if tokens are valid: true, expires at: 1758473808393
[debug] [2025-09-21T15:56:51.672Z] Checked if tokens are valid: true, expires at: 1758473808393
[debug] [2025-09-21T15:56:51.673Z] >>> [apiv2][query] GET https://firebase.googleapis.com/v1beta1/projects/marcatempo-tcs/adminSdkConfig [none]
[debug] [2025-09-21T15:56:52.141Z] <<< [apiv2][status] GET https://firebase.googleapis.com/v1beta1/projects/marcatempo-tcs/adminSdkConfig 200
[debug] [2025-09-21T15:56:52.142Z] <<< [apiv2][body] GET https://firebase.googleapis.com/v1beta1/projects/marcatempo-tcs/adminSdkConfig {"projectId":"marcatempo-tcs","storageBucket":"marcatempo-tcs.firebasestorage.app"}
[debug] [2025-09-21T15:56:52.143Z] Checked if tokens are valid: true, expires at: 1758473808393
[debug] [2025-09-21T15:56:52.144Z] Checked if tokens are valid: true, expires at: 1758473808393
[debug] [2025-09-21T15:56:52.144Z] >>> [apiv2][query] GET https://runtimeconfig.googleapis.com/v1beta1/projects/marcatempo-tcs/configs [none]
[debug] [2025-09-21T15:56:53.166Z] <<< [apiv2][status] GET https://runtimeconfig.googleapis.com/v1beta1/projects/marcatempo-tcs/configs 200
[debug] [2025-09-21T15:56:53.166Z] <<< [apiv2][body] GET https://runtimeconfig.googleapis.com/v1beta1/projects/marcatempo-tcs/configs {}
[debug] [2025-09-21T15:56:53.172Z] Validating nodejs source
[debug] [2025-09-21T15:56:56.356Z] > [functions] package.json contents: {
  "name": "functions",
  "description": "Cloud Functions for Firebase",
  "scripts": {
    "lint": "eslint .",
    "serve": "firebase emulators:start --only functions",
    "shell": "firebase functions:shell",
    "start": "npm run shell",
    "deploy": "firebase deploy --only functions",
    "logs": "firebase functions:log"
  },
  "engines": {
    "node": "22"
  },
  "main": "index.js",
  "dependencies": {
    "firebase-admin": "^12.6.0",
    "firebase7functions": "^6.0.1"
  },
  "devDependencies": {
    "eslint": "^8.15.0",
    "eslint-config-google": "^0.14.0",
    "firebase/functions-test": "^3.1.0"
  },
  "private": true
}
[debug] [2025-09-21T15:56:56.357Z] Building nodejs source
[info] i  functions: Loading and analyzing source code for codebase default to determine what to deploy 
[debug] [2025-09-21T15:56:56.363Z] Could not find functions.yaml. Must use http discovery
[debug] [2025-09-21T15:56:56.396Z] Found firebase-functions binary at 'C:\sviluppo\marcatempotcs\functions\node_modules\.bin\firebase-functions'
[info] Serving at port 8121

[debug] [2025-09-21T15:56:58.147Z] Got response from /__/functions.yaml {"endpoints":{"createNewUser":{"availableMemoryMb":null,"timeoutSeconds":null,"minInstances":null,"maxInstances":null,"ingressSettings":null,"concurrency":null,"serviceAccountEmail":null,"vpc":null,"platform":"gcfv2","labels":{},"callableTrigger":{},"entryPoint":"createNewUser"}},"specVersion":"v1alpha1","requiredAPIs":[],"extensions":{}}
[info] i  extensions: ensuring required API firebaseextensions.googleapis.com is enabled... 
[debug] [2025-09-21T15:57:02.258Z] > command requires scopes: ["email","openid","https://www.googleapis.com/auth/cloudplatformprojects.readonly","https://www.googleapis.com/auth/firebase","https://www.googleapis.com/auth/cloud-platform"]
[debug] [2025-09-21T15:57:02.259Z] > authorizing via signed-in user (leoncino65domenico@gmail.com)
[debug] [2025-09-21T15:57:02.259Z] [iam] checking project marcatempo-tcs for permissions ["firebase.projects.get","firebaseextensions.instances.list"]
[debug] [2025-09-21T15:57:02.259Z] Checked if tokens are valid: true, expires at: 1758473808393
[debug] [2025-09-21T15:57:02.259Z] Checked if tokens are valid: true, expires at: 1758473808393
[debug] [2025-09-21T15:57:02.260Z] >>> [apiv2][query] POST https://cloudresourcemanager.googleapis.com/v1/projects/marcatempo-tcs:testIamPermissions [none]
[debug] [2025-09-21T15:57:02.260Z] >>> [apiv2][(partial)header] POST https://cloudresourcemanager.googleapis.com/v1/projects/marcatempo-tcs:testIamPermissions x-goog-quota-user=projects/marcatempo-tcs
[debug] [2025-09-21T15:57:02.260Z] >>> [apiv2][body] POST https://cloudresourcemanager.googleapis.com/v1/projects/marcatempo-tcs:testIamPermissions {"permissions":["firebase.projects.get","firebaseextensions.instances.list"]}
[debug] [2025-09-21T15:57:03.272Z] <<< [apiv2][status] POST https://cloudresourcemanager.googleapis.com/v1/projects/marcatempo-tcs:testIamPermissions 200
[debug] [2025-09-21T15:57:03.272Z] <<< [apiv2][body] POST https://cloudresourcemanager.googleapis.com/v1/projects/marcatempo-tcs:testIamPermissions {"permissions":["firebase.projects.get","firebaseextensions.instances.list"]}
[debug] [2025-09-21T15:57:03.274Z] Checked if tokens are valid: true, expires at: 1758473808393
[debug] [2025-09-21T15:57:03.275Z] Checked if tokens are valid: true, expires at: 1758473808393
[debug] [2025-09-21T15:57:03.276Z] >>> [apiv2][query] GET https://firebaseextensions.googleapis.com/v1beta/projects/marcatempo-tcs/instances pageSize=100&pageToken=
[debug] [2025-09-21T15:57:04.452Z] <<< [apiv2][status] GET https://firebaseextensions.googleapis.com/v1beta/projects/marcatempo-tcs/instances 200
[debug] [2025-09-21T15:57:04.452Z] <<< [apiv2][body] GET https://firebaseextensions.googleapis.com/v1beta/projects/marcatempo-tcs/instances {}
[info] i  functions: preparing functions directory for uploading... 
[info] i  functions: packaged C:\sviluppo\marcatempotcs\functions (77.74 KB) for uploading 
[debug] [2025-09-21T15:57:04.609Z] Checked if tokens are valid: true, expires at: 1758473808393
[debug] [2025-09-21T15:57:04.609Z] Checked if tokens are valid: true, expires at: 1758473808393
[debug] [2025-09-21T15:57:04.610Z] >>> [apiv2][query] GET https://cloudfunctions.googleapis.com/v1/projects/marcatempo-tcs/locations/-/functions [none]
[debug] [2025-09-21T15:57:05.572Z] <<< [apiv2][status] GET https://cloudfunctions.googleapis.com/v1/projects/marcatempo-tcs/locations/-/functions 200
[debug] [2025-09-21T15:57:05.572Z] <<< [apiv2][body] GET https://cloudfunctions.googleapis.com/v1/projects/marcatempo-tcs/locations/-/functions {}
[debug] [2025-09-21T15:57:05.573Z] Checked if tokens are valid: true, expires at: 1758473808393
[debug] [2025-09-21T15:57:05.574Z] Checked if tokens are valid: true, expires at: 1758473808393
[debug] [2025-09-21T15:57:05.574Z] >>> [apiv2][query] GET https://cloudfunctions.googleapis.com/v2/projects/marcatempo-tcs/locations/-/functions filter=environment%3D%22GEN_2%22
[debug] [2025-09-21T15:57:06.644Z] <<< [apiv2][status] GET https://cloudfunctions.googleapis.com/v2/projects/marcatempo-tcs/locations/-/functions 200
[debug] [2025-09-21T15:57:06.644Z] <<< [apiv2][body] GET https://cloudfunctions.googleapis.com/v2/projects/marcatempo-tcs/locations/-/functions {"functions":[{"name":"projects/marcatempo-tcs/locations/us-central1/functions/createNewUser","buildConfig":{"build":"projects/385748349249/locations/us-central1/builds/e2a339fa-935e-40cc-a853-03925e56cbce","runtime":"nodejs22","entryPoint":"createNewUser","source":{"storageSource":{"bucket":"gcf-v2-sources-385748349249-us-central1","object":"createNewUser/function-source.zip","generation":"1758211590423734"}},"environmentVariables":{"GOOGLE_NODE_RUN_SCRIPTS":""},"dockerRepository":"projects/marcatempo-tcs/locations/us-central1/repositories/gcf-artifacts","sourceProvenance":{"resolvedStorageSource":{"bucket":"gcf-v2-sources-385748349249-us-central1","object":"createNewUser/function-source.zip","generation":"1758211590423734"}},"dockerRegistry":"ARTIFACT_REGISTRY","serviceAccount":"projects/marcatempo-tcs/serviceAccounts/385748349249-compute@developer.gserviceaccount.com","automaticUpdatePolicy":{}},"serviceConfig":{"service":"projects/marcatempo-tcs/locations/us-central1/services/createnewuser","timeoutSeconds":60,"environmentVariables":{"FIREBASE_CONFIG":"{\"projectId\":\"marcatempo-tcs\",\"storageBucket\":\"marcatempo-tcs.firebasestorage.app\"}","GCLOUD_PROJECT":"marcatempo-tcs","EVENTARC_CLOUD_EVENT_SOURCE":"projects/marcatempo-tcs/locations/us-central1/services/createNewUser","FUNCTION_TARGET":"createNewUser","LOG_EXECUTION_ID":"true"},"maxInstanceCount":20,"ingressSettings":"ALLOW_ALL","uri":"https://createnewuser-vxesl35mwq-uc.a.run.app","serviceAccountEmail":"385748349249-compute@developer.gserviceaccount.com","availableMemory":"256Mi","allTrafficOnLatestRevision":true,"revision":"createnewuser-00001-bas","maxInstanceRequestConcurrency":80,"availableCpu":"1"},"state":"ACTIVE","updateTime":"2025-09-18T16:08:08.540035217Z","labels":{"deployment-tool":"cli-firebase","deployment-callable":"true","firebase-functions-hash":"c5000223c22a41d8d9898bdd98ee5292cbfe95e5"},"environment":"GEN_2","url":"https://us-central1-marcatempo-tcs.cloudfunctions.net/createNewUser","createTime":"2025-09-18T16:06:30.908927048Z","satisfiesPzi":true}]}
[info] i  functions: ensuring required API run.googleapis.com is enabled... 
[info] i  functions: ensuring required API eventarc.googleapis.com is enabled... 
[info] i  functions: ensuring required API pubsub.googleapis.com is enabled... 
[info] i  functions: ensuring required API storage.googleapis.com is enabled... 
[info] i  functions: generating the service identity for pubsub.googleapis.com... 
[debug] [2025-09-21T15:57:06.665Z] Checked if tokens are valid: true, expires at: 1758473808393
[debug] [2025-09-21T15:57:06.665Z] Checked if tokens are valid: true, expires at: 1758473808393
[info] i  functions: generating the service identity for eventarc.googleapis.com... 
[debug] [2025-09-21T15:57:06.667Z] Checked if tokens are valid: true, expires at: 1758473808393
[debug] [2025-09-21T15:57:06.667Z] Checked if tokens are valid: true, expires at: 1758473808393
[debug] [2025-09-21T15:57:06.668Z] >>> [apiv2][query] POST https://serviceusage.googleapis.com/v1beta1/projects/385748349249/services/pubsub.googleapis.com:generateServiceIdentity [none]
[debug] [2025-09-21T15:57:06.669Z] >>> [apiv2][(partial)header] POST https://serviceusage.googleapis.com/v1beta1/projects/385748349249/services/pubsub.googleapis.com:generateServiceIdentity x-goog-quota-user=projects/385748349249
[debug] [2025-09-21T15:57:06.669Z] >>> [apiv2][body] POST https://serviceusage.googleapis.com/v1beta1/projects/385748349249/services/pubsub.googleapis.com:generateServiceIdentity {}
[debug] [2025-09-21T15:57:06.676Z] >>> [apiv2][query] POST https://serviceusage.googleapis.com/v1beta1/projects/385748349249/services/eventarc.googleapis.com:generateServiceIdentity [none]
[debug] [2025-09-21T15:57:06.677Z] >>> [apiv2][(partial)header] POST https://serviceusage.googleapis.com/v1beta1/projects/385748349249/services/eventarc.googleapis.com:generateServiceIdentity x-goog-quota-user=projects/385748349249
[debug] [2025-09-21T15:57:06.677Z] >>> [apiv2][body] POST https://serviceusage.googleapis.com/v1beta1/projects/385748349249/services/eventarc.googleapis.com:generateServiceIdentity {}
[debug] [2025-09-21T15:57:07.912Z] <<< [apiv2][status] POST https://serviceusage.googleapis.com/v1beta1/projects/385748349249/services/eventarc.googleapis.com:generateServiceIdentity 200
[debug] [2025-09-21T15:57:07.913Z] <<< [apiv2][body] POST https://serviceusage.googleapis.com/v1beta1/projects/385748349249/services/eventarc.googleapis.com:generateServiceIdentity {"name":"operations/finished.DONE_OPERATION","done":true,"response":{"@type":"type.googleapis.com/google.api.serviceusage.v1beta1.ServiceIdentity","email":"service-385748349249@gcp-sa-eventarc.iam.gserviceaccount.com","uniqueId":"105914232944419568168"}}
[debug] [2025-09-21T15:57:07.915Z] <<< [apiv2][status] POST https://serviceusage.googleapis.com/v1beta1/projects/385748349249/services/pubsub.googleapis.com:generateServiceIdentity 200
[debug] [2025-09-21T15:57:07.915Z] <<< [apiv2][body] POST https://serviceusage.googleapis.com/v1beta1/projects/385748349249/services/pubsub.googleapis.com:generateServiceIdentity {"name":"operations/finished.DONE_OPERATION","done":true,"response":{"@type":"type.googleapis.com/google.api.serviceusage.v1beta1.ServiceIdentity","email":"service-385748349249@gcp-sa-pubsub.iam.gserviceaccount.com","uniqueId":"117756694297178099476"}}
[debug] [2025-09-21T15:57:07.925Z] Checked if tokens are valid: true, expires at: 1758473808393
[debug] [2025-09-21T15:57:07.926Z] Checked if tokens are valid: true, expires at: 1758473808393
[debug] [2025-09-21T15:57:07.926Z] >>> [apiv2][query] GET https://cloudresourcemanager.googleapis.com/v1/projects/marcatempo-tcs [none]
[debug] [2025-09-21T15:57:08.318Z] <<< [apiv2][status] GET https://cloudresourcemanager.googleapis.com/v1/projects/marcatempo-tcs 200
[debug] [2025-09-21T15:57:08.318Z] <<< [apiv2][body] GET https://cloudresourcemanager.googleapis.com/v1/projects/marcatempo-tcs {"projectNumber":"385748349249","projectId":"marcatempo-tcs","lifecycleState":"ACTIVE","name":"Marcatempo TCS","labels":{"firebase":"enabled","firebase-core":"disabled"},"createTime":"2025-07-31T11:16:32.048801Z"}
[debug] [2025-09-21T15:57:08.319Z] Checked if tokens are valid: true, expires at: 1758473808393
[debug] [2025-09-21T15:57:08.319Z] Checked if tokens are valid: true, expires at: 1758473808393
[debug] [2025-09-21T15:57:08.319Z] >>> [apiv2][query] GET https://compute.googleapis.com/compute/v1/projects/385748349249 [none]
[debug] [2025-09-21T15:57:08.696Z] <<< [apiv2][status] GET https://compute.googleapis.com/compute/v1/projects/385748349249 403
[debug] [2025-09-21T15:57:08.697Z] <<< [apiv2][body] GET https://compute.googleapis.com/compute/v1/projects/385748349249 {"error":{"code":403,"message":"Compute Engine API has not been used in project 385748349249 before or it is disabled. Enable it by visiting https://console.developers.google.com/apis/api/compute.googleapis.com/overview?project=385748349249 then retry. If you enabled this API recently, wait a few minutes for the action to propagate to our systems and retry.","errors":[{"message":"Compute Engine API has not been used in project 385748349249 before or it is disabled. Enable it by visiting https://console.developers.google.com/apis/api/compute.googleapis.com/overview?project=385748349249 then retry. If you enabled this API recently, wait a few minutes for the action to propagate to our systems and retry.","domain":"usageLimits","reason":"accessNotConfigured","extendedHelp":"https://console.developers.google.com"}],"status":"PERMISSION_DENIED","details":[{"@type":"type.googleapis.com/google.rpc.ErrorInfo","reason":"SERVICE_DISABLED","domain":"googleapis.com","metadata":{"consumer":"projects/385748349249","containerInfo":"385748349249","service":"compute.googleapis.com","activationUrl":"https://console.developers.google.com/apis/api/compute.googleapis.com/overview?project=385748349249","serviceTitle":"Compute Engine API"}},{"@type":"type.googleapis.com/google.rpc.LocalizedMessage","locale":"en-US","message":"Compute Engine API has not been used in project 385748349249 before or it is disabled. Enable it by visiting https://console.developers.google.com/apis/api/compute.googleapis.com/overview?project=385748349249 then retry. If you enabled this API recently, wait a few minutes for the action to propagate to our systems and retry."},{"@type":"type.googleapis.com/google.rpc.Help","links":[{"description":"Google developers console API activation","url":"https://console.developers.google.com/apis/api/compute.googleapis.com/overview?project=385748349249"}]}]}}
[debug] [2025-09-21T15:57:08.698Z] unable to look up default compute service account. Falling back to 385748349249-compute@developer.gserviceaccount.com. Error: {"name":"FirebaseError","children":[],"context":{"body":{"error":{"code":403,"message":"Compute Engine API has not been used in project 385748349249 before or it is disabled. Enable it by visiting https://console.developers.google.com/apis/api/compute.googleapis.com/overview?project=385748349249 then retry. If you enabled this API recently, wait a few minutes for the action to propagate to our systems and retry.","errors":[{"message":"Compute Engine API has not been used in project 385748349249 before or it is disabled. Enable it by visiting https://console.developers.google.com/apis/api/compute.googleapis.com/overview?project=385748349249 then retry. If you enabled this API recently, wait a few minutes for the action to propagate to our systems and retry.","domain":"usageLimits","reason":"accessNotConfigured","extendedHelp":"https://console.developers.google.com"}],"status":"PERMISSION_DENIED","details":[{"@type":"type.googleapis.com/google.rpc.ErrorInfo","reason":"SERVICE_DISABLED","domain":"googleapis.com","metadata":{"consumer":"projects/385748349249","containerInfo":"385748349249","service":"compute.googleapis.com","activationUrl":"https://console.developers.google.com/apis/api/compute.googleapis.com/overview?project=385748349249","serviceTitle":"Compute Engine API"}},{"@type":"type.googleapis.com/google.rpc.LocalizedMessage","locale":"en-US","message":"Compute Engine API has not been used in project 385748349249 before or it is disabled. Enable it by visiting https://console.developers.google.com/apis/api/compute.googleapis.com/overview?project=385748349249 then retry. If you enabled this API recently, wait a few minutes for the action to propagate to our systems and retry."},{"@type":"type.googleapis.com/google.rpc.Help","links":[{"description":"Google developers console API activation","url":"https://console.developers.google.com/apis/api/compute.googleapis.com/overview?project=385748349249"}]}]}},"response":{"statusCode":403}},"exit":1,"message":"Request to https://compute.googleapis.com/compute/v1/projects/385748349249 had HTTP Error: 403, Compute Engine API has not been used in project 385748349249 before or it is disabled. Enable it by visiting https://console.developers.google.com/apis/api/compute.googleapis.com/overview?project=385748349249 then retry. If you enabled this API recently, wait a few minutes for the action to propagate to our systems and retry.","status":403}
[debug] [2025-09-21T15:57:08.702Z] Checked if tokens are valid: true, expires at: 1758473808393
[debug] [2025-09-21T15:57:08.702Z] Checked if tokens are valid: true, expires at: 1758473808393
[debug] [2025-09-21T15:57:08.703Z] >>> [apiv2][query] GET https://cloudbilling.googleapis.com/v1/projects/marcatempo-tcs/billingInfo [none]
[debug] [2025-09-21T15:57:09.608Z] <<< [apiv2][status] GET https://cloudbilling.googleapis.com/v1/projects/marcatempo-tcs/billingInfo 200
[debug] [2025-09-21T15:57:09.609Z] <<< [apiv2][body] GET https://cloudbilling.googleapis.com/v1/projects/marcatempo-tcs/billingInfo {"name":"projects/marcatempo-tcs/billingInfo","projectId":"marcatempo-tcs","billingAccountName":"billingAccounts/018F42-5A012C-F01148","billingEnabled":true}
[debug] [2025-09-21T15:57:09.614Z] Checked if tokens are valid: true, expires at: 1758473808393
[debug] [2025-09-21T15:57:09.614Z] Checked if tokens are valid: true, expires at: 1758473808393
[debug] [2025-09-21T15:57:09.614Z] >>> [apiv2][query] POST https://cloudfunctions.googleapis.com/v2/projects/marcatempo-tcs/locations/us-central1/functions:generateUploadUrl [none]
[debug] [2025-09-21T15:57:10.445Z] <<< [apiv2][status] POST https://cloudfunctions.googleapis.com/v2/projects/marcatempo-tcs/locations/us-central1/functions:generateUploadUrl 200
[debug] [2025-09-21T15:57:10.446Z] <<< [apiv2][body] POST https://cloudfunctions.googleapis.com/v2/projects/marcatempo-tcs/locations/us-central1/functions:generateUploadUrl {"uploadUrl":"https://storage.googleapis.com/gcf-v2-uploads-385748349249.us-central1.cloudfunctions.appspot.com/b9480a06-142f-434f-89b2-379910ea0213.zip?GoogleAccessId=service-385748349249@gcf-admin-robot.iam.gserviceaccount.com&Expires=1758472030&Signature=hhu9zUb3Wp3lIOWykgr%2F6LTffr%2Fgk8fzbGRm4DtEmgMTH0YxGxrxr7hxjSwHEdFm%2BNHdyQMWA%2ByG3d4JbN9ZDKujSIw%2FEo1WKMyk0%2BiJRSn3vZOAehlOo91v3rZB0EpUAc4YX5rs1g7ZPtjO%2FIwIBJe%2BjtLTIZsGDkCuX9utM%2Bz7fgZ%2Bc83n8GAqYuxGFVLa8wmD%2FEHwnQJFj6wU6e566BA1%2BEMjKV7z1pfdH8BVBwIkN6SYra2hXzuoPOLDVqwxEOvYxx59Y2OU7cOZnvt5icmxEA73pEI2qwG7XHRVm%2FY%2FiI%2BM3vT2o3X7ZHH0hFk0ZFXbsyyHLPGePTWQRQu%2BHA%3D%3D","storageSource":{"bucket":"gcf-v2-uploads-385748349249.us-central1.cloudfunctions.appspot.com","object":"b9480a06-142f-434f-89b2-379910ea0213.zip"}}
[debug] [2025-09-21T15:57:10.449Z] >>> [apiv2][query] PUT https://storage.googleapis.com/gcf-v2-uploads-385748349249.us-central1.cloudfunctions.appspot.com/b9480a06-142f-434f-89b2-379910ea0213.zip GoogleAccessId=service-385748349249%40gcf-admin-robot.iam.gserviceaccount.com&Expires=1758472030&Signature=hhu9zUb3Wp3lIOWykgr%2F6LTffr%2Fgk8fzbGRm4DtEmgMTH0YxGxrxr7hxjSwHEdFm%2BNHdyQMWA%2ByG3d4JbN9ZDKujSIw%2FEo1WKMyk0%2BiJRSn3vZOAehlOo91v3rZB0EpUAc4YX5rs1g7ZPtjO%2FIwIBJe%2BjtLTIZsGDkCuX9utM%2Bz7fgZ%2Bc83n8GAqYuxGFVLa8wmD%2FEHwnQJFj6wU6e566BA1%2BEMjKV7z1pfdH8BVBwIkN6SYra2hXzuoPOLDVqwxEOvYxx59Y2OU7cOZnvt5icmxEA73pEI2qwG7XHRVm%2FY%2FiI%2BM3vT2o3X7ZHH0hFk0ZFXbsyyHLPGePTWQRQu%2BHA%3D%3D
[debug] [2025-09-21T15:57:10.449Z] >>> [apiv2][body] PUT https://storage.googleapis.com/gcf-v2-uploads-385748349249.us-central1.cloudfunctions.appspot.com/b9480a06-142f-434f-89b2-379910ea0213.zip [stream]
[debug] [2025-09-21T15:57:11.803Z] <<< [apiv2][status] PUT https://storage.googleapis.com/gcf-v2-uploads-385748349249.us-central1.cloudfunctions.appspot.com/b9480a06-142f-434f-89b2-379910ea0213.zip 200
[debug] [2025-09-21T15:57:11.803Z] <<< [apiv2][body] PUT https://storage.googleapis.com/gcf-v2-uploads-385748349249.us-central1.cloudfunctions.appspot.com/b9480a06-142f-434f-89b2-379910ea0213.zip [omitted]
[info] +  functions: functions source uploaded successfully 
[info] i  functions: updating Node.js 22 (2nd Gen) function createNewUser(us-central1)... 
[debug] [2025-09-21T15:57:11.840Z] Checked if tokens are valid: true, expires at: 1758473808393
[debug] [2025-09-21T15:57:11.840Z] Checked if tokens are valid: true, expires at: 1758473808393
[debug] [2025-09-21T15:57:11.841Z] >>> [apiv2][query] PATCH https://cloudfunctions.googleapis.com/v2/projects/marcatempo-tcs/locations/us-central1/functions/createNewUser updateMask=name%2CbuildConfig.runtime%2CbuildConfig.entryPoint%2CbuildConfig.source.storageSource.bucket%2CbuildConfig.source.storageSource.object%2CbuildConfig.environmentVariables%2CbuildConfig.sourceToken%2CserviceConfig.environmentVariables%2CserviceConfig.ingressSettings%2CserviceConfig.timeoutSeconds%2CserviceConfig.serviceAccountEmail%2CserviceConfig.availableMemory%2CserviceConfig.minInstanceCount%2CserviceConfig.maxInstanceCount%2CserviceConfig.maxInstanceRequestConcurrency%2CserviceConfig.availableCpu%2CserviceConfig.vpcConnector%2CserviceConfig.vpcConnectorEgressSettings%2Clabels
[debug] [2025-09-21T15:57:11.841Z] >>> [apiv2][body] PATCH https://cloudfunctions.googleapis.com/v2/projects/marcatempo-tcs/locations/us-central1/functions/createNewUser {"name":"projects/marcatempo-tcs/locations/us-central1/functions/createNewUser","buildConfig":{"runtime":"nodejs22","entryPoint":"createNewUser","source":{"storageSource":{"bucket":"gcf-v2-uploads-385748349249.us-central1.cloudfunctions.appspot.com","object":"b9480a06-142f-434f-89b2-379910ea0213.zip"}},"environmentVariables":{"GOOGLE_NODE_RUN_SCRIPTS":""}},"serviceConfig":{"environmentVariables":{"FIREBASE_CONFIG":"{\"projectId\":\"marcatempo-tcs\",\"storageBucket\":\"marcatempo-tcs.firebasestorage.app\"}","GCLOUD_PROJECT":"marcatempo-tcs","EVENTARC_CLOUD_EVENT_SOURCE":"projects/marcatempo-tcs/locations/us-central1/services/createNewUser","FUNCTION_TARGET":"createNewUser","LOG_EXECUTION_ID":"true"},"ingressSettings":null,"timeoutSeconds":null,"serviceAccountEmail":null,"availableMemory":"256Mi","minInstanceCount":null,"maxInstanceCount":null,"maxInstanceRequestConcurrency":80,"availableCpu":"1","vpcConnector":null,"vpcConnectorEgressSettings":null},"labels":{"deployment-tool":"cli-firebase","deployment-callable":"true","firebase-functions-hash":"3d89735dad28333b4fb8773a8560c6ac4c8b7dd2"}}
[debug] [2025-09-21T15:57:13.480Z] <<< [apiv2][status] PATCH https://cloudfunctions.googleapis.com/v2/projects/marcatempo-tcs/locations/us-central1/functions/createNewUser 200
[debug] [2025-09-21T15:57:13.480Z] <<< [apiv2][body] PATCH https://cloudfunctions.googleapis.com/v2/projects/marcatempo-tcs/locations/us-central1/functions/createNewUser {"name":"projects/marcatempo-tcs/locations/us-central1/operations/operation-1758470232841-63f51c1939cab-4d63fd8d-01e70e2b","metadata":{"@type":"type.googleapis.com/google.cloud.functions.v2.OperationMetadata","createTime":"2025-09-21T15:57:13.722519066Z","target":"projects/marcatempo-tcs/locations/us-central1/functions/createNewUser","verb":"update","cancelRequested":false,"apiVersion":"v2"},"done":false}
[debug] [2025-09-21T15:57:13.483Z] Checked if tokens are valid: true, expires at: 1758473808393
[debug] [2025-09-21T15:57:13.483Z] Checked if tokens are valid: true, expires at: 1758473808393
[debug] [2025-09-21T15:57:13.484Z] >>> [apiv2][query] GET https://cloudfunctions.googleapis.com/v2/projects/marcatempo-tcs/locations/us-central1/operations/operation-1758470232841-63f51c1939cab-4d63fd8d-01e70e2b [none]
[debug] [2025-09-21T15:57:14.358Z] <<< [apiv2][status] GET https://cloudfunctions.googleapis.com/v2/projects/marcatempo-tcs/locations/us-central1/operations/operation-1758470232841-63f51c1939cab-4d63fd8d-01e70e2b 200
[debug] [2025-09-21T15:57:14.358Z] <<< [apiv2][body] GET https://cloudfunctions.googleapis.com/v2/projects/marcatempo-tcs/locations/us-central1/operations/operation-1758470232841-63f51c1939cab-4d63fd8d-01e70e2b {"name":"projects/marcatempo-tcs/locations/us-central1/operations/operation-1758470232841-63f51c1939cab-4d63fd8d-01e70e2b","metadata":{"@type":"type.googleapis.com/google.cloud.functions.v2.OperationMetadata","createTime":"2025-09-21T15:57:13.722519066Z","target":"projects/marcatempo-tcs/locations/us-central1/functions/createNewUser","verb":"update","cancelRequested":false,"apiVersion":"v2","requestResource":{"@type":"type.googleapis.com/google.cloud.functions.v2.Function","name":"projects/marcatempo-tcs/locations/us-central1/functions/createNewUser","buildConfig":{"runtime":"nodejs22","entryPoint":"createNewUser","source":{"storageSource":{"bucket":"gcf-v2-sources-385748349249-us-central1","object":"createNewUser/function-source.zip","generation":"1758470233661289"}},"environmentVariables":{"GOOGLE_NODE_RUN_SCRIPTS":""},"dockerRepository":"projects/marcatempo-tcs/locations/us-central1/repositories/gcf-artifacts","sourceProvenance":{"resolvedStorageSource":{"bucket":"gcf-v2-sources-385748349249-us-central1","object":"createNewUser/function-source.zip","generation":"1758211590423734"}},"dockerRegistry":"ARTIFACT_REGISTRY","serviceAccount":"projects/marcatempo-tcs/serviceAccounts/385748349249-compute@developer.gserviceaccount.com","automaticUpdatePolicy":{}},"serviceConfig":{"service":"projects/marcatempo-tcs/locations/us-central1/services/createnewuser","timeoutSeconds":60,"environmentVariables":{"FIREBASE_CONFIG":"{\"projectId\":\"marcatempo-tcs\",\"storageBucket\":\"marcatempo-tcs.firebasestorage.app\"}","GCLOUD_PROJECT":"marcatempo-tcs","EVENTARC_CLOUD_EVENT_SOURCE":"projects/marcatempo-tcs/locations/us-central1/services/createNewUser","FUNCTION_TARGET":"createNewUser","LOG_EXECUTION_ID":"true"},"ingressSettings":"ALLOW_ALL","uri":"https://createnewuser-vxesl35mwq-uc.a.run.app","serviceAccountEmail":"385748349249-compute@developer.gserviceaccount.com","availableMemory":"256Mi","allTrafficOnLatestRevision":true,"revision":"createnewuser-00001-bas","maxInstanceRequestConcurrency":80,"availableCpu":"1"},"state":"ACTIVE","labels":{"deployment-tool":"cli-firebase","deployment-callable":"true","firebase-functions-hash":"3d89735dad28333b4fb8773a8560c6ac4c8b7dd2"},"environment":"GEN_2","url":"https://us-central1-marcatempo-tcs.cloudfunctions.net/createNewUser","satisfiesPzi":true},"stages":[{"name":"BUILD","state":"NOT_STARTED"},{"name":"SERVICE","state":"NOT_STARTED"}],"operationType":"UPDATE_FUNCTION"},"done":false}
[debug] [2025-09-21T15:57:14.864Z] [update-default-us-central1-createNewUser] Retrying task index 0
[debug] [2025-09-21T15:57:14.864Z] Checked if tokens are valid: true, expires at: 1758473808393
[debug] [2025-09-21T15:57:14.865Z] Checked if tokens are valid: true, expires at: 1758473808393
[debug] [2025-09-21T15:57:14.865Z] >>> [apiv2][query] GET https://cloudfunctions.googleapis.com/v2/projects/marcatempo-tcs/locations/us-central1/operations/operation-1758470232841-63f51c1939cab-4d63fd8d-01e70e2b [none]
[debug] [2025-09-21T15:57:15.694Z] <<< [apiv2][status] GET https://cloudfunctions.googleapis.com/v2/projects/marcatempo-tcs/locations/us-central1/operations/operation-1758470232841-63f51c1939cab-4d63fd8d-01e70e2b 200
[debug] [2025-09-21T15:57:15.694Z] <<< [apiv2][body] GET https://cloudfunctions.googleapis.com/v2/projects/marcatempo-tcs/locations/us-central1/operations/operation-1758470232841-63f51c1939cab-4d63fd8d-01e70e2b {"name":"projects/marcatempo-tcs/locations/us-central1/operations/operation-1758470232841-63f51c1939cab-4d63fd8d-01e70e2b","metadata":{"@type":"type.googleapis.com/google.cloud.functions.v2.OperationMetadata","createTime":"2025-09-21T15:57:13.722519066Z","target":"projects/marcatempo-tcs/locations/us-central1/functions/createNewUser","verb":"update","cancelRequested":false,"apiVersion":"v2","requestResource":{"@type":"type.googleapis.com/google.cloud.functions.v2.Function","name":"projects/marcatempo-tcs/locations/us-central1/functions/createNewUser","buildConfig":{"runtime":"nodejs22","entryPoint":"createNewUser","source":{"storageSource":{"bucket":"gcf-v2-sources-385748349249-us-central1","object":"createNewUser/function-source.zip","generation":"1758470233661289"}},"environmentVariables":{"GOOGLE_NODE_RUN_SCRIPTS":""},"dockerRepository":"projects/marcatempo-tcs/locations/us-central1/repositories/gcf-artifacts","sourceProvenance":{"resolvedStorageSource":{"bucket":"gcf-v2-sources-385748349249-us-central1","object":"createNewUser/function-source.zip","generation":"1758211590423734"}},"dockerRegistry":"ARTIFACT_REGISTRY","serviceAccount":"projects/marcatempo-tcs/serviceAccounts/385748349249-compute@developer.gserviceaccount.com","automaticUpdatePolicy":{}},"serviceConfig":{"service":"projects/marcatempo-tcs/locations/us-central1/services/createnewuser","timeoutSeconds":60,"environmentVariables":{"FIREBASE_CONFIG":"{\"projectId\":\"marcatempo-tcs\",\"storageBucket\":\"marcatempo-tcs.firebasestorage.app\"}","GCLOUD_PROJECT":"marcatempo-tcs","EVENTARC_CLOUD_EVENT_SOURCE":"projects/marcatempo-tcs/locations/us-central1/services/createNewUser","FUNCTION_TARGET":"createNewUser","LOG_EXECUTION_ID":"true"},"ingressSettings":"ALLOW_ALL","uri":"https://createnewuser-vxesl35mwq-uc.a.run.app","serviceAccountEmail":"385748349249-compute@developer.gserviceaccount.com","availableMemory":"256Mi","allTrafficOnLatestRevision":true,"revision":"createnewuser-00001-bas","maxInstanceRequestConcurrency":80,"availableCpu":"1"},"state":"ACTIVE","labels":{"deployment-tool":"cli-firebase","deployment-callable":"true","firebase-functions-hash":"3d89735dad28333b4fb8773a8560c6ac4c8b7dd2"},"environment":"GEN_2","url":"https://us-central1-marcatempo-tcs.cloudfunctions.net/createNewUser","satisfiesPzi":true},"stages":[{"name":"BUILD","message":"Build in progress","state":"IN_PROGRESS","resource":"projects/385748349249/locations/us-central1/builds/5e6c14a0-5dc1-49ec-80cc-7bd57371e17f","resourceUri":"https://console.cloud.google.com/cloud-build/builds;region=us-central1/5e6c14a0-5dc1-49ec-80cc-7bd57371e17f?project=385748349249"},{"name":"SERVICE","state":"NOT_STARTED"}],"operationType":"UPDATE_FUNCTION","buildName":"projects/385748349249/locations/us-central1/builds/5e6c14a0-5dc1-49ec-80cc-7bd57371e17f"},"done":false}
[debug] [2025-09-21T15:57:16.703Z] [update-default-us-central1-createNewUser] Retrying task index 0
[debug] [2025-09-21T15:57:16.703Z] Checked if tokens are valid: true, expires at: 1758473808393
[debug] [2025-09-21T15:57:16.704Z] Checked if tokens are valid: true, expires at: 1758473808393
[debug] [2025-09-21T15:57:16.704Z] >>> [apiv2][query] GET https://cloudfunctions.googleapis.com/v2/projects/marcatempo-tcs/locations/us-central1/operations/operation-1758470232841-63f51c1939cab-4d63fd8d-01e70e2b [none]
[debug] [2025-09-21T15:57:16.933Z] <<< [apiv2][status] GET https://cloudfunctions.googleapis.com/v2/projects/marcatempo-tcs/locations/us-central1/operations/operation-1758470232841-63f51c1939cab-4d63fd8d-01e70e2b 200
[debug] [2025-09-21T15:57:16.933Z] <<< [apiv2][body] GET https://cloudfunctions.googleapis.com/v2/projects/marcatempo-tcs/locations/us-central1/operations/operation-1758470232841-63f51c1939cab-4d63fd8d-01e70e2b {"name":"projects/marcatempo-tcs/locations/us-central1/operations/operation-1758470232841-63f51c1939cab-4d63fd8d-01e70e2b","metadata":{"@type":"type.googleapis.com/google.cloud.functions.v2.OperationMetadata","createTime":"2025-09-21T15:57:13.722519066Z","target":"projects/marcatempo-tcs/locations/us-central1/functions/createNewUser","verb":"update","cancelRequested":false,"apiVersion":"v2","requestResource":{"@type":"type.googleapis.com/google.cloud.functions.v2.Function","name":"projects/marcatempo-tcs/locations/us-central1/functions/createNewUser","buildConfig":{"runtime":"nodejs22","entryPoint":"createNewUser","source":{"storageSource":{"bucket":"gcf-v2-sources-385748349249-us-central1","object":"createNewUser/function-source.zip","generation":"1758470233661289"}},"environmentVariables":{"GOOGLE_NODE_RUN_SCRIPTS":""},"dockerRepository":"projects/marcatempo-tcs/locations/us-central1/repositories/gcf-artifacts","sourceProvenance":{"resolvedStorageSource":{"bucket":"gcf-v2-sources-385748349249-us-central1","object":"createNewUser/function-source.zip","generation":"1758211590423734"}},"dockerRegistry":"ARTIFACT_REGISTRY","serviceAccount":"projects/marcatempo-tcs/serviceAccounts/385748349249-compute@developer.gserviceaccount.com","automaticUpdatePolicy":{}},"serviceConfig":{"service":"projects/marcatempo-tcs/locations/us-central1/services/createnewuser","timeoutSeconds":60,"environmentVariables":{"FIREBASE_CONFIG":"{\"projectId\":\"marcatempo-tcs\",\"storageBucket\":\"marcatempo-tcs.firebasestorage.app\"}","GCLOUD_PROJECT":"marcatempo-tcs","EVENTARC_CLOUD_EVENT_SOURCE":"projects/marcatempo-tcs/locations/us-central1/services/createNewUser","FUNCTION_TARGET":"createNewUser","LOG_EXECUTION_ID":"true"},"ingressSettings":"ALLOW_ALL","uri":"https://createnewuser-vxesl35mwq-uc.a.run.app","serviceAccountEmail":"385748349249-compute@developer.gserviceaccount.com","availableMemory":"256Mi","allTrafficOnLatestRevision":true,"revision":"createnewuser-00001-bas","maxInstanceRequestConcurrency":80,"availableCpu":"1"},"state":"ACTIVE","labels":{"deployment-tool":"cli-firebase","deployment-callable":"true","firebase-functions-hash":"3d89735dad28333b4fb8773a8560c6ac4c8b7dd2"},"environment":"GEN_2","url":"https://us-central1-marcatempo-tcs.cloudfunctions.net/createNewUser","satisfiesPzi":true},"stages":[{"name":"BUILD","message":"Build in progress","state":"IN_PROGRESS","resource":"projects/385748349249/locations/us-central1/builds/5e6c14a0-5dc1-49ec-80cc-7bd57371e17f","resourceUri":"https://console.cloud.google.com/cloud-build/builds;region=us-central1/5e6c14a0-5dc1-49ec-80cc-7bd57371e17f?project=385748349249"},{"name":"SERVICE","state":"NOT_STARTED"}],"operationType":"UPDATE_FUNCTION","buildName":"projects/385748349249/locations/us-central1/builds/5e6c14a0-5dc1-49ec-80cc-7bd57371e17f"},"done":false}
[debug] [2025-09-21T15:57:18.940Z] [update-default-us-central1-createNewUser] Retrying task index 0
[debug] [2025-09-21T15:57:18.941Z] Checked if tokens are valid: true, expires at: 1758473808393
[debug] [2025-09-21T15:57:18.941Z] Checked if tokens are valid: true, expires at: 1758473808393
[debug] [2025-09-21T15:57:18.941Z] >>> [apiv2][query] GET https://cloudfunctions.googleapis.com/v2/projects/marcatempo-tcs/locations/us-central1/operations/operation-1758470232841-63f51c1939cab-4d63fd8d-01e70e2b [none]
[debug] [2025-09-21T15:57:19.791Z] <<< [apiv2][status] GET https://cloudfunctions.googleapis.com/v2/projects/marcatempo-tcs/locations/us-central1/operations/operation-1758470232841-63f51c1939cab-4d63fd8d-01e70e2b 200
[debug] [2025-09-21T15:57:19.792Z] <<< [apiv2][body] GET https://cloudfunctions.googleapis.com/v2/projects/marcatempo-tcs/locations/us-central1/operations/operation-1758470232841-63f51c1939cab-4d63fd8d-01e70e2b {"name":"projects/marcatempo-tcs/locations/us-central1/operations/operation-1758470232841-63f51c1939cab-4d63fd8d-01e70e2b","metadata":{"@type":"type.googleapis.com/google.cloud.functions.v2.OperationMetadata","createTime":"2025-09-21T15:57:13.722519066Z","target":"projects/marcatempo-tcs/locations/us-central1/functions/createNewUser","verb":"update","cancelRequested":false,"apiVersion":"v2","requestResource":{"@type":"type.googleapis.com/google.cloud.functions.v2.Function","name":"projects/marcatempo-tcs/locations/us-central1/functions/createNewUser","buildConfig":{"runtime":"nodejs22","entryPoint":"createNewUser","source":{"storageSource":{"bucket":"gcf-v2-sources-385748349249-us-central1","object":"createNewUser/function-source.zip","generation":"1758470233661289"}},"environmentVariables":{"GOOGLE_NODE_RUN_SCRIPTS":""},"dockerRepository":"projects/marcatempo-tcs/locations/us-central1/repositories/gcf-artifacts","sourceProvenance":{"resolvedStorageSource":{"bucket":"gcf-v2-sources-385748349249-us-central1","object":"createNewUser/function-source.zip","generation":"1758211590423734"}},"dockerRegistry":"ARTIFACT_REGISTRY","serviceAccount":"projects/marcatempo-tcs/serviceAccounts/385748349249-compute@developer.gserviceaccount.com","automaticUpdatePolicy":{}},"serviceConfig":{"service":"projects/marcatempo-tcs/locations/us-central1/services/createnewuser","timeoutSeconds":60,"environmentVariables":{"FIREBASE_CONFIG":"{\"projectId\":\"marcatempo-tcs\",\"storageBucket\":\"marcatempo-tcs.firebasestorage.app\"}","GCLOUD_PROJECT":"marcatempo-tcs","EVENTARC_CLOUD_EVENT_SOURCE":"projects/marcatempo-tcs/locations/us-central1/services/createNewUser","FUNCTION_TARGET":"createNewUser","LOG_EXECUTION_ID":"true"},"ingressSettings":"ALLOW_ALL","uri":"https://createnewuser-vxesl35mwq-uc.a.run.app","serviceAccountEmail":"385748349249-compute@developer.gserviceaccount.com","availableMemory":"256Mi","allTrafficOnLatestRevision":true,"revision":"createnewuser-00001-bas","maxInstanceRequestConcurrency":80,"availableCpu":"1"},"state":"ACTIVE","labels":{"deployment-tool":"cli-firebase","deployment-callable":"true","firebase-functions-hash":"3d89735dad28333b4fb8773a8560c6ac4c8b7dd2"},"environment":"GEN_2","url":"https://us-central1-marcatempo-tcs.cloudfunctions.net/createNewUser","satisfiesPzi":true},"stages":[{"name":"BUILD","message":"Build in progress","state":"IN_PROGRESS","resource":"projects/385748349249/locations/us-central1/builds/5e6c14a0-5dc1-49ec-80cc-7bd57371e17f","resourceUri":"https://console.cloud.google.com/cloud-build/builds;region=us-central1/5e6c14a0-5dc1-49ec-80cc-7bd57371e17f?project=385748349249"},{"name":"SERVICE","state":"NOT_STARTED"}],"operationType":"UPDATE_FUNCTION","buildName":"projects/385748349249/locations/us-central1/builds/5e6c14a0-5dc1-49ec-80cc-7bd57371e17f"},"done":false}
[debug] [2025-09-21T15:57:23.794Z] [update-default-us-central1-createNewUser] Retrying task index 0
[debug] [2025-09-21T15:57:23.796Z] Checked if tokens are valid: true, expires at: 1758473808393
[debug] [2025-09-21T15:57:23.796Z] Checked if tokens are valid: true, expires at: 1758473808393
[debug] [2025-09-21T15:57:23.797Z] >>> [apiv2][query] GET https://cloudfunctions.googleapis.com/v2/projects/marcatempo-tcs/locations/us-central1/operations/operation-1758470232841-63f51c1939cab-4d63fd8d-01e70e2b [none]
[debug] [2025-09-21T15:57:24.554Z] <<< [apiv2][status] GET https://cloudfunctions.googleapis.com/v2/projects/marcatempo-tcs/locations/us-central1/operations/operation-1758470232841-63f51c1939cab-4d63fd8d-01e70e2b 200
[debug] [2025-09-21T15:57:24.555Z] <<< [apiv2][body] GET https://cloudfunctions.googleapis.com/v2/projects/marcatempo-tcs/locations/us-central1/operations/operation-1758470232841-63f51c1939cab-4d63fd8d-01e70e2b {"name":"projects/marcatempo-tcs/locations/us-central1/operations/operation-1758470232841-63f51c1939cab-4d63fd8d-01e70e2b","metadata":{"@type":"type.googleapis.com/google.cloud.functions.v2.OperationMetadata","createTime":"2025-09-21T15:57:13.722519066Z","target":"projects/marcatempo-tcs/locations/us-central1/functions/createNewUser","verb":"update","cancelRequested":false,"apiVersion":"v2","requestResource":{"@type":"type.googleapis.com/google.cloud.functions.v2.Function","name":"projects/marcatempo-tcs/locations/us-central1/functions/createNewUser","buildConfig":{"runtime":"nodejs22","entryPoint":"createNewUser","source":{"storageSource":{"bucket":"gcf-v2-sources-385748349249-us-central1","object":"createNewUser/function-source.zip","generation":"1758470233661289"}},"environmentVariables":{"GOOGLE_NODE_RUN_SCRIPTS":""},"dockerRepository":"projects/marcatempo-tcs/locations/us-central1/repositories/gcf-artifacts","sourceProvenance":{"resolvedStorageSource":{"bucket":"gcf-v2-sources-385748349249-us-central1","object":"createNewUser/function-source.zip","generation":"1758211590423734"}},"dockerRegistry":"ARTIFACT_REGISTRY","serviceAccount":"projects/marcatempo-tcs/serviceAccounts/385748349249-compute@developer.gserviceaccount.com","automaticUpdatePolicy":{}},"serviceConfig":{"service":"projects/marcatempo-tcs/locations/us-central1/services/createnewuser","timeoutSeconds":60,"environmentVariables":{"FIREBASE_CONFIG":"{\"projectId\":\"marcatempo-tcs\",\"storageBucket\":\"marcatempo-tcs.firebasestorage.app\"}","GCLOUD_PROJECT":"marcatempo-tcs","EVENTARC_CLOUD_EVENT_SOURCE":"projects/marcatempo-tcs/locations/us-central1/services/createNewUser","FUNCTION_TARGET":"createNewUser","LOG_EXECUTION_ID":"true"},"ingressSettings":"ALLOW_ALL","uri":"https://createnewuser-vxesl35mwq-uc.a.run.app","serviceAccountEmail":"385748349249-compute@developer.gserviceaccount.com","availableMemory":"256Mi","allTrafficOnLatestRevision":true,"revision":"createnewuser-00001-bas","maxInstanceRequestConcurrency":80,"availableCpu":"1"},"state":"ACTIVE","labels":{"deployment-tool":"cli-firebase","deployment-callable":"true","firebase-functions-hash":"3d89735dad28333b4fb8773a8560c6ac4c8b7dd2"},"environment":"GEN_2","url":"https://us-central1-marcatempo-tcs.cloudfunctions.net/createNewUser","satisfiesPzi":true},"stages":[{"name":"BUILD","message":"Build in progress","state":"IN_PROGRESS","resource":"projects/385748349249/locations/us-central1/builds/5e6c14a0-5dc1-49ec-80cc-7bd57371e17f","resourceUri":"https://console.cloud.google.com/cloud-build/builds;region=us-central1/5e6c14a0-5dc1-49ec-80cc-7bd57371e17f?project=385748349249"},{"name":"SERVICE","state":"NOT_STARTED"}],"operationType":"UPDATE_FUNCTION","buildName":"projects/385748349249/locations/us-central1/builds/5e6c14a0-5dc1-49ec-80cc-7bd57371e17f"},"done":false}
[debug] [2025-09-21T15:57:32.556Z] [update-default-us-central1-createNewUser] Retrying task index 0
[debug] [2025-09-21T15:57:32.557Z] Checked if tokens are valid: true, expires at: 1758473808393
[debug] [2025-09-21T15:57:32.557Z] Checked if tokens are valid: true, expires at: 1758473808393
[debug] [2025-09-21T15:57:32.557Z] >>> [apiv2][query] GET https://cloudfunctions.googleapis.com/v2/projects/marcatempo-tcs/locations/us-central1/operations/operation-1758470232841-63f51c1939cab-4d63fd8d-01e70e2b [none]
[debug] [2025-09-21T15:57:33.001Z] <<< [apiv2][status] GET https://cloudfunctions.googleapis.com/v2/projects/marcatempo-tcs/locations/us-central1/operations/operation-1758470232841-63f51c1939cab-4d63fd8d-01e70e2b 200
[debug] [2025-09-21T15:57:33.002Z] <<< [apiv2][body] GET https://cloudfunctions.googleapis.com/v2/projects/marcatempo-tcs/locations/us-central1/operations/operation-1758470232841-63f51c1939cab-4d63fd8d-01e70e2b {"name":"projects/marcatempo-tcs/locations/us-central1/operations/operation-1758470232841-63f51c1939cab-4d63fd8d-01e70e2b","metadata":{"@type":"type.googleapis.com/google.cloud.functions.v2.OperationMetadata","createTime":"2025-09-21T15:57:13.722519066Z","target":"projects/marcatempo-tcs/locations/us-central1/functions/createNewUser","verb":"update","cancelRequested":false,"apiVersion":"v2","requestResource":{"@type":"type.googleapis.com/google.cloud.functions.v2.Function","name":"projects/marcatempo-tcs/locations/us-central1/functions/createNewUser","buildConfig":{"runtime":"nodejs22","entryPoint":"createNewUser","source":{"storageSource":{"bucket":"gcf-v2-sources-385748349249-us-central1","object":"createNewUser/function-source.zip","generation":"1758470233661289"}},"environmentVariables":{"GOOGLE_NODE_RUN_SCRIPTS":""},"dockerRepository":"projects/marcatempo-tcs/locations/us-central1/repositories/gcf-artifacts","sourceProvenance":{"resolvedStorageSource":{"bucket":"gcf-v2-sources-385748349249-us-central1","object":"createNewUser/function-source.zip","generation":"1758211590423734"}},"dockerRegistry":"ARTIFACT_REGISTRY","serviceAccount":"projects/marcatempo-tcs/serviceAccounts/385748349249-compute@developer.gserviceaccount.com","automaticUpdatePolicy":{}},"serviceConfig":{"service":"projects/marcatempo-tcs/locations/us-central1/services/createnewuser","timeoutSeconds":60,"environmentVariables":{"FIREBASE_CONFIG":"{\"projectId\":\"marcatempo-tcs\",\"storageBucket\":\"marcatempo-tcs.firebasestorage.app\"}","GCLOUD_PROJECT":"marcatempo-tcs","EVENTARC_CLOUD_EVENT_SOURCE":"projects/marcatempo-tcs/locations/us-central1/services/createNewUser","FUNCTION_TARGET":"createNewUser","LOG_EXECUTION_ID":"true"},"ingressSettings":"ALLOW_ALL","uri":"https://createnewuser-vxesl35mwq-uc.a.run.app","serviceAccountEmail":"385748349249-compute@developer.gserviceaccount.com","availableMemory":"256Mi","allTrafficOnLatestRevision":true,"revision":"createnewuser-00001-bas","maxInstanceRequestConcurrency":80,"availableCpu":"1"},"state":"ACTIVE","labels":{"deployment-tool":"cli-firebase","deployment-callable":"true","firebase-functions-hash":"3d89735dad28333b4fb8773a8560c6ac4c8b7dd2"},"environment":"GEN_2","url":"https://us-central1-marcatempo-tcs.cloudfunctions.net/createNewUser","satisfiesPzi":true},"stages":[{"name":"BUILD","message":"Build in progress","state":"IN_PROGRESS","resource":"projects/385748349249/locations/us-central1/builds/5e6c14a0-5dc1-49ec-80cc-7bd57371e17f","resourceUri":"https://console.cloud.google.com/cloud-build/builds;region=us-central1/5e6c14a0-5dc1-49ec-80cc-7bd57371e17f?project=385748349249"},{"name":"SERVICE","state":"NOT_STARTED"}],"operationType":"UPDATE_FUNCTION","buildName":"projects/385748349249/locations/us-central1/builds/5e6c14a0-5dc1-49ec-80cc-7bd57371e17f"},"done":false}
[debug] [2025-09-21T15:57:43.004Z] [update-default-us-central1-createNewUser] Retrying task index 0
[debug] [2025-09-21T15:57:43.005Z] Checked if tokens are valid: true, expires at: 1758473808393
[debug] [2025-09-21T15:57:43.005Z] Checked if tokens are valid: true, expires at: 1758473808393
[debug] [2025-09-21T15:57:43.005Z] >>> [apiv2][query] GET https://cloudfunctions.googleapis.com/v2/projects/marcatempo-tcs/locations/us-central1/operations/operation-1758470232841-63f51c1939cab-4d63fd8d-01e70e2b [none]
[debug] [2025-09-21T15:57:43.958Z] <<< [apiv2][status] GET https://cloudfunctions.googleapis.com/v2/projects/marcatempo-tcs/locations/us-central1/operations/operation-1758470232841-63f51c1939cab-4d63fd8d-01e70e2b 200
[debug] [2025-09-21T15:57:43.958Z] <<< [apiv2][body] GET https://cloudfunctions.googleapis.com/v2/projects/marcatempo-tcs/locations/us-central1/operations/operation-1758470232841-63f51c1939cab-4d63fd8d-01e70e2b {"name":"projects/marcatempo-tcs/locations/us-central1/operations/operation-1758470232841-63f51c1939cab-4d63fd8d-01e70e2b","metadata":{"@type":"type.googleapis.com/google.cloud.functions.v2.OperationMetadata","createTime":"2025-09-21T15:57:13.722519066Z","endTime":"2025-09-21T15:57:41.495612322Z","target":"projects/marcatempo-tcs/locations/us-central1/functions/createNewUser","verb":"update","cancelRequested":false,"apiVersion":"v2","requestResource":{"@type":"type.googleapis.com/google.cloud.functions.v2.Function","name":"projects/marcatempo-tcs/locations/us-central1/functions/createNewUser","buildConfig":{"runtime":"nodejs22","entryPoint":"createNewUser","source":{"storageSource":{"bucket":"gcf-v2-sources-385748349249-us-central1","object":"createNewUser/function-source.zip","generation":"1758470233661289"}},"environmentVariables":{"GOOGLE_NODE_RUN_SCRIPTS":""},"dockerRepository":"projects/marcatempo-tcs/locations/us-central1/repositories/gcf-artifacts","sourceProvenance":{"resolvedStorageSource":{"bucket":"gcf-v2-sources-385748349249-us-central1","object":"createNewUser/function-source.zip","generation":"1758211590423734"}},"dockerRegistry":"ARTIFACT_REGISTRY","serviceAccount":"projects/marcatempo-tcs/serviceAccounts/385748349249-compute@developer.gserviceaccount.com","automaticUpdatePolicy":{}},"serviceConfig":{"service":"projects/marcatempo-tcs/locations/us-central1/services/createnewuser","timeoutSeconds":60,"environmentVariables":{"FIREBASE_CONFIG":"{\"projectId\":\"marcatempo-tcs\",\"storageBucket\":\"marcatempo-tcs.firebasestorage.app\"}","GCLOUD_PROJECT":"marcatempo-tcs","EVENTARC_CLOUD_EVENT_SOURCE":"projects/marcatempo-tcs/locations/us-central1/services/createNewUser","FUNCTION_TARGET":"createNewUser","LOG_EXECUTION_ID":"true"},"ingressSettings":"ALLOW_ALL","uri":"https://createnewuser-vxesl35mwq-uc.a.run.app","serviceAccountEmail":"385748349249-compute@developer.gserviceaccount.com","availableMemory":"256Mi","allTrafficOnLatestRevision":true,"revision":"createnewuser-00001-bas","maxInstanceRequestConcurrency":80,"availableCpu":"1"},"state":"ACTIVE","labels":{"deployment-tool":"cli-firebase","deployment-callable":"true","firebase-functions-hash":"3d89735dad28333b4fb8773a8560c6ac4c8b7dd2"},"environment":"GEN_2","url":"https://us-central1-marcatempo-tcs.cloudfunctions.net/createNewUser","satisfiesPzi":true},"stages":[{"name":"SERVICE","state":"NOT_STARTED"}],"operationType":"UPDATE_FUNCTION"},"done":true,"error":{"code":3,"message":"Build failed with status: FAILURE and message: npm error code EINVALIDPACKAGENAME\nnpm error Invalid package name \"firebase/functions-test\" of package \"firebase/functions-test@^3.1.0\": name can only contain URL-friendly characters.\nnpm error A complete log of this run can be found in: /www-data-home/.npm/_logs/2025-09-21T15_57_32_583Z-debug-0.log. For more details see the logs at https://console.cloud.google.com/cloud-build/builds;region=us-central1/5e6c14a0-5dc1-49ec-80cc-7bd57371e17f?project=385748349249."}}
[debug] [2025-09-21T15:57:43.959Z] Got source token undefined for region us-central1
[error] Build failed with status: FAILURE and message: npm error code EINVALIDPACKAGENAME
npm error Invalid package name "firebase/functions-test" of package "firebase/functions-test@^3.1.0": name can only contain URL-friendly characters.
npm error A complete log of this run can be found in: /www-data-home/.npm/_logs/2025-09-21T15_57_32_583Z-debug-0.log. For more details see the logs at https://console.cloud.google.com/cloud-build/builds;region=us-central1/5e6c14a0-5dc1-49ec-80cc-7bd57371e17f?project=385748349249.
[debug] [2025-09-21T15:57:43.991Z] Total Function Deployment time: 32142
[debug] [2025-09-21T15:57:43.991Z] 1 Functions Deployed
[debug] [2025-09-21T15:57:43.991Z] 1 Functions Errored
[debug] [2025-09-21T15:57:43.991Z] 0 Function Deployments Aborted
[debug] [2025-09-21T15:57:43.991Z] Average Function Deployment time: 32132
[info] 
[info] Functions deploy had errors with the following functions:
	createNewUser(us-central1)
[debug] [2025-09-21T15:57:44.308Z] Checked if tokens are valid: true, expires at: 1758473808393
[debug] [2025-09-21T15:57:44.308Z] Checked if tokens are valid: true, expires at: 1758473808393
[debug] [2025-09-21T15:57:44.308Z] >>> [apiv2][query] GET https://artifactregistry.googleapis.com/v1/projects/marcatempo-tcs/locations/us-central1/repositories/gcf-artifacts [none]
[debug] [2025-09-21T15:57:45.258Z] <<< [apiv2][status] GET https://artifactregistry.googleapis.com/v1/projects/marcatempo-tcs/locations/us-central1/repositories/gcf-artifacts 200
[debug] [2025-09-21T15:57:45.259Z] <<< [apiv2][body] GET https://artifactregistry.googleapis.com/v1/projects/marcatempo-tcs/locations/us-central1/repositories/gcf-artifacts {"name":"projects/marcatempo-tcs/locations/us-central1/repositories/gcf-artifacts","format":"DOCKER","description":"This repository is created and used by Cloud Functions for storing function docker images.","labels":{"goog-managed-by":"cloudfunctions"},"createTime":"2025-09-18T16:06:51.298662Z","updateTime":"2025-09-18T16:13:21.980140Z","mode":"STANDARD_REPOSITORY","cleanupPolicies":{"firebase-functions-cleanup":{"id":"firebase-functions-cleanup","action":"DELETE","condition":{"tagState":"ANY","olderThan":"3456000s"}}},"sizeBytes":"96019103","vulnerabilityScanningConfig":{"lastEnableTime":"2025-09-18T16:06:42.857594967Z","enablementState":"SCANNING_DISABLED","enablementStateReason":"API containerscanning.googleapis.com is not enabled."},"satisfiesPzi":true,"registryUri":"us-central1-docker.pkg.dev/marcatempo-tcs/gcf-artifacts"}
[debug] [2025-09-21T15:57:45.261Z] Functions deploy failed.
[debug] [2025-09-21T15:57:45.263Z] {
  "endpoint": {
    "id": "createNewUser",
    "project": "marcatempo-tcs",
    "region": "us-central1",
    "entryPoint": "createNewUser",
    "platform": "gcfv2",
    "runtime": "nodejs22",
    "callableTrigger": {},
    "labels": {
      "deployment-tool": "cli-firebase"
    },
    "serviceAccount": null,
    "ingressSettings": null,
    "availableMemoryMb": null,
    "timeoutSeconds": null,
    "maxInstances": null,
    "minInstances": null,
    "concurrency": 80,
    "vpc": null,
    "environmentVariables": {
      "FIREBASE_CONFIG": "{\"projectId\":\"marcatempo-tcs\",\"storageBucket\":\"marcatempo-tcs.firebasestorage.app\"}",
      "GCLOUD_PROJECT": "marcatempo-tcs",
      "EVENTARC_CLOUD_EVENT_SOURCE": "projects/marcatempo-tcs/locations/us-central1/services/createNewUser",
      "FUNCTION_TARGET": "createNewUser",
      "LOG_EXECUTION_ID": "true"
    },
    "codebase": "default",
    "runServiceId": "createnewuser",
    "cpu": 1,
    "securityLevel": "SECURE_ALWAYS",
    "targetedByOnly": false,
    "hash": "3d89735dad28333b4fb8773a8560c6ac4c8b7dd2"
  },
  "op": "update",
  "original": {
    "name": "FirebaseError",
    "children": [],
    "exit": 1,
    "message": "Build failed with status: FAILURE and message: npm error code EINVALIDPACKAGENAME\nnpm error Invalid package name \"firebase/functions-test\" of package \"firebase/functions-test@^3.1.0\": name can only contain URL-friendly characters.\nnpm error A complete log of this run can be found in: /www-data-home/.npm/_logs/2025-09-21T15_57_32_583Z-debug-0.log. For more details see the logs at https://console.cloud.google.com/cloud-build/builds;region=us-central1/5e6c14a0-5dc1-49ec-80cc-7bd57371e17f?project=385748349249.",
    "original": {
      "code": 3,
      "message": "Build failed with status: FAILURE and message: npm error code EINVALIDPACKAGENAME\nnpm error Invalid package name \"firebase/functions-test\" of package \"firebase/functions-test@^3.1.0\": name can only contain URL-friendly characters.\nnpm error A complete log of this run can be found in: /www-data-home/.npm/_logs/2025-09-21T15_57_32_583Z-debug-0.log. For more details see the logs at https://console.cloud.google.com/cloud-build/builds;region=us-central1/5e6c14a0-5dc1-49ec-80cc-7bd57371e17f?project=385748349249."
    },
    "status": 3,
    "code": 3
  }
}
[debug] [2025-09-21T15:57:45.353Z] Error: Failed to update function createNewUser in region us-central1
    at C:\Users\t460s\AppData\Roaming\npm\node_modules\firebase-tools\lib\deploy\functions\release\fabricator.js:411:19
    at process.processTicksAndRejections (node:internal/process/task_queues:105:5)
    at async Fabricator.updateV2Function (C:\Users\t460s\AppData\Roaming\npm\node_modules\firebase-tools\lib\deploy\functions\release\fabricator.js:400:32)
    at async Fabricator.updateEndpoint (C:\Users\t460s\AppData\Roaming\npm\node_modules\firebase-tools\lib\deploy\functions\release\fabricator.js:160:13)
    at async handle (C:\Users\t460s\AppData\Roaming\npm\node_modules\firebase-tools\lib\deploy\functions\release\fabricator.js:89:17)
[error] 
[error] Error: There was an error deploying functions
